ERROR - 2024-01-20 18:54:57 --> mysqli_sql_exception: Table 'guidance.feedback' doesn't exist in C:\laragon\www\App_Devs-PROJECT\backend\system\Database\MySQLi\Connection.php:306
Stack trace:
#0 C:\laragon\www\App_Devs-PROJECT\backend\system\Database\MySQLi\Connection.php(306): mysqli->query('SELECT *\nFROM `...', 0)
#1 C:\laragon\www\App_Devs-PROJECT\backend\system\Database\BaseConnection.php(693): CodeIgniter\Database\MySQLi\Connection->execute('SELECT *\nFROM `...')
#2 C:\laragon\www\App_Devs-PROJECT\backend\system\Database\BaseConnection.php(607): CodeIgniter\Database\BaseConnection->simpleQuery('SELECT *\nFROM `...')
#3 C:\laragon\www\App_Devs-PROJECT\backend\system\Database\BaseBuilder.php(1615): CodeIgniter\Database\BaseConnection->query('SELECT *\nFROM `...', Array, false)
#4 C:\laragon\www\App_Devs-PROJECT\backend\system\Model.php(237): CodeIgniter\Database\BaseBuilder->get()
#5 C:\laragon\www\App_Devs-PROJECT\backend\system\BaseModel.php(624): CodeIgniter\Model->doFindAll(0, 0)
#6 C:\laragon\www\App_Devs-PROJECT\backend\app\Controllers\AdminController.php(317): CodeIgniter\BaseModel->findAll()
#7 C:\laragon\www\App_Devs-PROJECT\backend\system\CodeIgniter.php(942): App\Controllers\AdminController->getfeed()
#8 C:\laragon\www\App_Devs-PROJECT\backend\system\CodeIgniter.php(502): CodeIgniter\CodeIgniter->runController(Object(App\Controllers\AdminController))
#9 C:\laragon\www\App_Devs-PROJECT\backend\system\CodeIgniter.php(361): CodeIgniter\CodeIgniter->handleRequest(NULL, Object(Config\Cache), false)
#10 C:\laragon\www\App_Devs-PROJECT\backend\public\index.php(85): CodeIgniter\CodeIgniter->run()
#11 C:\laragon\www\App_Devs-PROJECT\backend\system\Commands\Server\rewrite.php(47): require_once('C:\\laragon\\www\\...')
#12 {main}
CRITICAL - 2024-01-20 18:54:57 --> Call to a member function getResult() on bool
in SYSTEMPATH\Model.php on line 238.
 1 SYSTEMPATH\BaseModel.php(624): CodeIgniter\Model->doFindAll(0, 0)
 2 APPPATH\Controllers\AdminController.php(317): CodeIgniter\BaseModel->findAll()
 3 SYSTEMPATH\CodeIgniter.php(942): App\Controllers\AdminController->getfeed()
 4 SYSTEMPATH\CodeIgniter.php(502): CodeIgniter\CodeIgniter->runController(Object(App\Controllers\AdminController))
 5 SYSTEMPATH\CodeIgniter.php(361): CodeIgniter\CodeIgniter->handleRequest(null, Object(Config\Cache), false)
 6 FCPATH\index.php(85): CodeIgniter\CodeIgniter->run()
 7 SYSTEMPATH\Commands\Server\rewrite.php(47): require_once('C:\\laragon\\www\\App_Devs-PROJECT\\backend\\public\\index.php')
ERROR - 2024-01-20 18:54:57 --> mysqli_sql_exception: Table 'guidance.feedback' doesn't exist in C:\laragon\www\App_Devs-PROJECT\backend\system\Database\MySQLi\Connection.php:306
Stack trace:
#0 C:\laragon\www\App_Devs-PROJECT\backend\system\Database\MySQLi\Connection.php(306): mysqli->query('SELECT *\nFROM `...', 0)
#1 C:\laragon\www\App_Devs-PROJECT\backend\system\Database\BaseConnection.php(693): CodeIgniter\Database\MySQLi\Connection->execute('SELECT *\nFROM `...')
#2 C:\laragon\www\App_Devs-PROJECT\backend\system\Database\BaseConnection.php(607): CodeIgniter\Database\BaseConnection->simpleQuery('SELECT *\nFROM `...')
#3 C:\laragon\www\App_Devs-PROJECT\backend\system\Database\BaseBuilder.php(1615): CodeIgniter\Database\BaseConnection->query('SELECT *\nFROM `...', Array, false)
#4 C:\laragon\www\App_Devs-PROJECT\backend\system\Model.php(237): CodeIgniter\Database\BaseBuilder->get()
#5 C:\laragon\www\App_Devs-PROJECT\backend\system\BaseModel.php(624): CodeIgniter\Model->doFindAll(0, 0)
#6 C:\laragon\www\App_Devs-PROJECT\backend\app\Controllers\AdminController.php(317): CodeIgniter\BaseModel->findAll()
#7 C:\laragon\www\App_Devs-PROJECT\backend\system\CodeIgniter.php(942): App\Controllers\AdminController->getfeed()
#8 C:\laragon\www\App_Devs-PROJECT\backend\system\CodeIgniter.php(502): CodeIgniter\CodeIgniter->runController(Object(App\Controllers\AdminController))
#9 C:\laragon\www\App_Devs-PROJECT\backend\system\CodeIgniter.php(361): CodeIgniter\CodeIgniter->handleRequest(NULL, Object(Config\Cache), false)
#10 C:\laragon\www\App_Devs-PROJECT\backend\public\index.php(85): CodeIgniter\CodeIgniter->run()
#11 C:\laragon\www\App_Devs-PROJECT\backend\system\Commands\Server\rewrite.php(47): require_once('C:\\laragon\\www\\...')
#12 {main}
CRITICAL - 2024-01-20 18:54:57 --> Call to a member function getResult() on bool
in SYSTEMPATH\Model.php on line 238.
 1 SYSTEMPATH\BaseModel.php(624): CodeIgniter\Model->doFindAll(0, 0)
 2 APPPATH\Controllers\AdminController.php(317): CodeIgniter\BaseModel->findAll()
 3 SYSTEMPATH\CodeIgniter.php(942): App\Controllers\AdminController->getfeed()
 4 SYSTEMPATH\CodeIgniter.php(502): CodeIgniter\CodeIgniter->runController(Object(App\Controllers\AdminController))
 5 SYSTEMPATH\CodeIgniter.php(361): CodeIgniter\CodeIgniter->handleRequest(null, Object(Config\Cache), false)
 6 FCPATH\index.php(85): CodeIgniter\CodeIgniter->run()
 7 SYSTEMPATH\Commands\Server\rewrite.php(47): require_once('C:\\laragon\\www\\App_Devs-PROJECT\\backend\\public\\index.php')
CRITICAL - 2024-01-20 18:55:18 --> Call to a member function isValid() on null
in APPPATH\Controllers\AdminController.php on line 119.
 1 SYSTEMPATH\CodeIgniter.php(942): App\Controllers\AdminController->createannounce()
 2 SYSTEMPATH\CodeIgniter.php(502): CodeIgniter\CodeIgniter->runController(Object(App\Controllers\AdminController))
 3 SYSTEMPATH\CodeIgniter.php(361): CodeIgniter\CodeIgniter->handleRequest(null, Object(Config\Cache), false)
 4 FCPATH\index.php(85): CodeIgniter\CodeIgniter->run()
 5 SYSTEMPATH\Commands\Server\rewrite.php(47): require_once('C:\\laragon\\www\\App_Devs-PROJECT\\backend\\public\\index.php')
ERROR - 2024-01-20 18:55:35 --> mysqli_sql_exception: Table 'guidance.feedback' doesn't exist in C:\laragon\www\App_Devs-PROJECT\backend\system\Database\MySQLi\Connection.php:306
Stack trace:
#0 C:\laragon\www\App_Devs-PROJECT\backend\system\Database\MySQLi\Connection.php(306): mysqli->query('SELECT *\nFROM `...', 0)
#1 C:\laragon\www\App_Devs-PROJECT\backend\system\Database\BaseConnection.php(693): CodeIgniter\Database\MySQLi\Connection->execute('SELECT *\nFROM `...')
#2 C:\laragon\www\App_Devs-PROJECT\backend\system\Database\BaseConnection.php(607): CodeIgniter\Database\BaseConnection->simpleQuery('SELECT *\nFROM `...')
#3 C:\laragon\www\App_Devs-PROJECT\backend\system\Database\BaseBuilder.php(1615): CodeIgniter\Database\BaseConnection->query('SELECT *\nFROM `...', Array, false)
#4 C:\laragon\www\App_Devs-PROJECT\backend\system\Model.php(237): CodeIgniter\Database\BaseBuilder->get()
#5 C:\laragon\www\App_Devs-PROJECT\backend\system\BaseModel.php(624): CodeIgniter\Model->doFindAll(0, 0)
#6 C:\laragon\www\App_Devs-PROJECT\backend\app\Controllers\AdminController.php(317): CodeIgniter\BaseModel->findAll()
#7 C:\laragon\www\App_Devs-PROJECT\backend\system\CodeIgniter.php(942): App\Controllers\AdminController->getfeed()
#8 C:\laragon\www\App_Devs-PROJECT\backend\system\CodeIgniter.php(502): CodeIgniter\CodeIgniter->runController(Object(App\Controllers\AdminController))
#9 C:\laragon\www\App_Devs-PROJECT\backend\system\CodeIgniter.php(361): CodeIgniter\CodeIgniter->handleRequest(NULL, Object(Config\Cache), false)
#10 C:\laragon\www\App_Devs-PROJECT\backend\public\index.php(85): CodeIgniter\CodeIgniter->run()
#11 C:\laragon\www\App_Devs-PROJECT\backend\system\Commands\Server\rewrite.php(47): require_once('C:\\laragon\\www\\...')
#12 {main}
CRITICAL - 2024-01-20 18:55:35 --> Call to a member function getResult() on bool
in SYSTEMPATH\Model.php on line 238.
 1 SYSTEMPATH\BaseModel.php(624): CodeIgniter\Model->doFindAll(0, 0)
 2 APPPATH\Controllers\AdminController.php(317): CodeIgniter\BaseModel->findAll()
 3 SYSTEMPATH\CodeIgniter.php(942): App\Controllers\AdminController->getfeed()
 4 SYSTEMPATH\CodeIgniter.php(502): CodeIgniter\CodeIgniter->runController(Object(App\Controllers\AdminController))
 5 SYSTEMPATH\CodeIgniter.php(361): CodeIgniter\CodeIgniter->handleRequest(null, Object(Config\Cache), false)
 6 FCPATH\index.php(85): CodeIgniter\CodeIgniter->run()
 7 SYSTEMPATH\Commands\Server\rewrite.php(47): require_once('C:\\laragon\\www\\App_Devs-PROJECT\\backend\\public\\index.php')
ERROR - 2024-01-20 18:55:35 --> mysqli_sql_exception: Table 'guidance.feedback' doesn't exist in C:\laragon\www\App_Devs-PROJECT\backend\system\Database\MySQLi\Connection.php:306
Stack trace:
#0 C:\laragon\www\App_Devs-PROJECT\backend\system\Database\MySQLi\Connection.php(306): mysqli->query('SELECT *\nFROM `...', 0)
#1 C:\laragon\www\App_Devs-PROJECT\backend\system\Database\BaseConnection.php(693): CodeIgniter\Database\MySQLi\Connection->execute('SELECT *\nFROM `...')
#2 C:\laragon\www\App_Devs-PROJECT\backend\system\Database\BaseConnection.php(607): CodeIgniter\Database\BaseConnection->simpleQuery('SELECT *\nFROM `...')
#3 C:\laragon\www\App_Devs-PROJECT\backend\system\Database\BaseBuilder.php(1615): CodeIgniter\Database\BaseConnection->query('SELECT *\nFROM `...', Array, false)
#4 C:\laragon\www\App_Devs-PROJECT\backend\system\Model.php(237): CodeIgniter\Database\BaseBuilder->get()
#5 C:\laragon\www\App_Devs-PROJECT\backend\system\BaseModel.php(624): CodeIgniter\Model->doFindAll(0, 0)
#6 C:\laragon\www\App_Devs-PROJECT\backend\app\Controllers\AdminController.php(317): CodeIgniter\BaseModel->findAll()
#7 C:\laragon\www\App_Devs-PROJECT\backend\system\CodeIgniter.php(942): App\Controllers\AdminController->getfeed()
#8 C:\laragon\www\App_Devs-PROJECT\backend\system\CodeIgniter.php(502): CodeIgniter\CodeIgniter->runController(Object(App\Controllers\AdminController))
#9 C:\laragon\www\App_Devs-PROJECT\backend\system\CodeIgniter.php(361): CodeIgniter\CodeIgniter->handleRequest(NULL, Object(Config\Cache), false)
#10 C:\laragon\www\App_Devs-PROJECT\backend\public\index.php(85): CodeIgniter\CodeIgniter->run()
#11 C:\laragon\www\App_Devs-PROJECT\backend\system\Commands\Server\rewrite.php(47): require_once('C:\\laragon\\www\\...')
#12 {main}
CRITICAL - 2024-01-20 18:55:35 --> Call to a member function getResult() on bool
in SYSTEMPATH\Model.php on line 238.
 1 SYSTEMPATH\BaseModel.php(624): CodeIgniter\Model->doFindAll(0, 0)
 2 APPPATH\Controllers\AdminController.php(317): CodeIgniter\BaseModel->findAll()
 3 SYSTEMPATH\CodeIgniter.php(942): App\Controllers\AdminController->getfeed()
 4 SYSTEMPATH\CodeIgniter.php(502): CodeIgniter\CodeIgniter->runController(Object(App\Controllers\AdminController))
 5 SYSTEMPATH\CodeIgniter.php(361): CodeIgniter\CodeIgniter->handleRequest(null, Object(Config\Cache), false)
 6 FCPATH\index.php(85): CodeIgniter\CodeIgniter->run()
 7 SYSTEMPATH\Commands\Server\rewrite.php(47): require_once('C:\\laragon\\www\\App_Devs-PROJECT\\backend\\public\\index.php')
CRITICAL - 2024-01-20 19:00:40 --> Call to a member function isValid() on null
in APPPATH\Controllers\AdminController.php on line 119.
 1 SYSTEMPATH\CodeIgniter.php(942): App\Controllers\AdminController->createannounce()
 2 SYSTEMPATH\CodeIgniter.php(502): CodeIgniter\CodeIgniter->runController(Object(App\Controllers\AdminController))
 3 SYSTEMPATH\CodeIgniter.php(361): CodeIgniter\CodeIgniter->handleRequest(null, Object(Config\Cache), false)
 4 FCPATH\index.php(85): CodeIgniter\CodeIgniter->run()
 5 SYSTEMPATH\Commands\Server\rewrite.php(47): require_once('C:\\laragon\\www\\App_Devs-PROJECT\\backend\\public\\index.php')
CRITICAL - 2024-01-20 19:01:05 --> Call to a member function isValid() on null
in APPPATH\Controllers\AdminController.php on line 119.
 1 SYSTEMPATH\CodeIgniter.php(942): App\Controllers\AdminController->createannounce()
 2 SYSTEMPATH\CodeIgniter.php(502): CodeIgniter\CodeIgniter->runController(Object(App\Controllers\AdminController))
 3 SYSTEMPATH\CodeIgniter.php(361): CodeIgniter\CodeIgniter->handleRequest(null, Object(Config\Cache), false)
 4 FCPATH\index.php(85): CodeIgniter\CodeIgniter->run()
 5 SYSTEMPATH\Commands\Server\rewrite.php(47): require_once('C:\\laragon\\www\\App_Devs-PROJECT\\backend\\public\\index.php')
CRITICAL - 2024-01-20 19:07:48 --> Call to a member function isValid() on null
in APPPATH\Controllers\AdminController.php on line 119.
 1 SYSTEMPATH\CodeIgniter.php(942): App\Controllers\AdminController->createannounce()
 2 SYSTEMPATH\CodeIgniter.php(502): CodeIgniter\CodeIgniter->runController(Object(App\Controllers\AdminController))
 3 SYSTEMPATH\CodeIgniter.php(361): CodeIgniter\CodeIgniter->handleRequest(null, Object(Config\Cache), false)
 4 FCPATH\index.php(85): CodeIgniter\CodeIgniter->run()
 5 SYSTEMPATH\Commands\Server\rewrite.php(47): require_once('C:\\laragon\\www\\App_Devs-PROJECT\\backend\\public\\index.php')
ERROR - 2024-01-20 19:08:01 --> mysqli_sql_exception: Table 'guidance.feedback' doesn't exist in C:\laragon\www\App_Devs-PROJECT\backend\system\Database\MySQLi\Connection.php:306
Stack trace:
#0 C:\laragon\www\App_Devs-PROJECT\backend\system\Database\MySQLi\Connection.php(306): mysqli->query('SELECT *\nFROM `...', 0)
#1 C:\laragon\www\App_Devs-PROJECT\backend\system\Database\BaseConnection.php(693): CodeIgniter\Database\MySQLi\Connection->execute('SELECT *\nFROM `...')
#2 C:\laragon\www\App_Devs-PROJECT\backend\system\Database\BaseConnection.php(607): CodeIgniter\Database\BaseConnection->simpleQuery('SELECT *\nFROM `...')
#3 C:\laragon\www\App_Devs-PROJECT\backend\system\Database\BaseBuilder.php(1615): CodeIgniter\Database\BaseConnection->query('SELECT *\nFROM `...', Array, false)
#4 C:\laragon\www\App_Devs-PROJECT\backend\system\Model.php(237): CodeIgniter\Database\BaseBuilder->get()
#5 C:\laragon\www\App_Devs-PROJECT\backend\system\BaseModel.php(624): CodeIgniter\Model->doFindAll(0, 0)
#6 C:\laragon\www\App_Devs-PROJECT\backend\app\Controllers\AdminController.php(317): CodeIgniter\BaseModel->findAll()
#7 C:\laragon\www\App_Devs-PROJECT\backend\system\CodeIgniter.php(942): App\Controllers\AdminController->getfeed()
#8 C:\laragon\www\App_Devs-PROJECT\backend\system\CodeIgniter.php(502): CodeIgniter\CodeIgniter->runController(Object(App\Controllers\AdminController))
#9 C:\laragon\www\App_Devs-PROJECT\backend\system\CodeIgniter.php(361): CodeIgniter\CodeIgniter->handleRequest(NULL, Object(Config\Cache), false)
#10 C:\laragon\www\App_Devs-PROJECT\backend\public\index.php(85): CodeIgniter\CodeIgniter->run()
#11 C:\laragon\www\App_Devs-PROJECT\backend\system\Commands\Server\rewrite.php(47): require_once('C:\\laragon\\www\\...')
#12 {main}
CRITICAL - 2024-01-20 19:08:01 --> Call to a member function getResult() on bool
in SYSTEMPATH\Model.php on line 238.
 1 SYSTEMPATH\BaseModel.php(624): CodeIgniter\Model->doFindAll(0, 0)
 2 APPPATH\Controllers\AdminController.php(317): CodeIgniter\BaseModel->findAll()
 3 SYSTEMPATH\CodeIgniter.php(942): App\Controllers\AdminController->getfeed()
 4 SYSTEMPATH\CodeIgniter.php(502): CodeIgniter\CodeIgniter->runController(Object(App\Controllers\AdminController))
 5 SYSTEMPATH\CodeIgniter.php(361): CodeIgniter\CodeIgniter->handleRequest(null, Object(Config\Cache), false)
 6 FCPATH\index.php(85): CodeIgniter\CodeIgniter->run()
 7 SYSTEMPATH\Commands\Server\rewrite.php(47): require_once('C:\\laragon\\www\\App_Devs-PROJECT\\backend\\public\\index.php')
ERROR - 2024-01-20 19:08:01 --> mysqli_sql_exception: Table 'guidance.feedback' doesn't exist in C:\laragon\www\App_Devs-PROJECT\backend\system\Database\MySQLi\Connection.php:306
Stack trace:
#0 C:\laragon\www\App_Devs-PROJECT\backend\system\Database\MySQLi\Connection.php(306): mysqli->query('SELECT *\nFROM `...', 0)
#1 C:\laragon\www\App_Devs-PROJECT\backend\system\Database\BaseConnection.php(693): CodeIgniter\Database\MySQLi\Connection->execute('SELECT *\nFROM `...')
#2 C:\laragon\www\App_Devs-PROJECT\backend\system\Database\BaseConnection.php(607): CodeIgniter\Database\BaseConnection->simpleQuery('SELECT *\nFROM `...')
#3 C:\laragon\www\App_Devs-PROJECT\backend\system\Database\BaseBuilder.php(1615): CodeIgniter\Database\BaseConnection->query('SELECT *\nFROM `...', Array, false)
#4 C:\laragon\www\App_Devs-PROJECT\backend\system\Model.php(237): CodeIgniter\Database\BaseBuilder->get()
#5 C:\laragon\www\App_Devs-PROJECT\backend\system\BaseModel.php(624): CodeIgniter\Model->doFindAll(0, 0)
#6 C:\laragon\www\App_Devs-PROJECT\backend\app\Controllers\AdminController.php(317): CodeIgniter\BaseModel->findAll()
#7 C:\laragon\www\App_Devs-PROJECT\backend\system\CodeIgniter.php(942): App\Controllers\AdminController->getfeed()
#8 C:\laragon\www\App_Devs-PROJECT\backend\system\CodeIgniter.php(502): CodeIgniter\CodeIgniter->runController(Object(App\Controllers\AdminController))
#9 C:\laragon\www\App_Devs-PROJECT\backend\system\CodeIgniter.php(361): CodeIgniter\CodeIgniter->handleRequest(NULL, Object(Config\Cache), false)
#10 C:\laragon\www\App_Devs-PROJECT\backend\public\index.php(85): CodeIgniter\CodeIgniter->run()
#11 C:\laragon\www\App_Devs-PROJECT\backend\system\Commands\Server\rewrite.php(47): require_once('C:\\laragon\\www\\...')
#12 {main}
CRITICAL - 2024-01-20 19:08:01 --> Call to a member function getResult() on bool
in SYSTEMPATH\Model.php on line 238.
 1 SYSTEMPATH\BaseModel.php(624): CodeIgniter\Model->doFindAll(0, 0)
 2 APPPATH\Controllers\AdminController.php(317): CodeIgniter\BaseModel->findAll()
 3 SYSTEMPATH\CodeIgniter.php(942): App\Controllers\AdminController->getfeed()
 4 SYSTEMPATH\CodeIgniter.php(502): CodeIgniter\CodeIgniter->runController(Object(App\Controllers\AdminController))
 5 SYSTEMPATH\CodeIgniter.php(361): CodeIgniter\CodeIgniter->handleRequest(null, Object(Config\Cache), false)
 6 FCPATH\index.php(85): CodeIgniter\CodeIgniter->run()
 7 SYSTEMPATH\Commands\Server\rewrite.php(47): require_once('C:\\laragon\\www\\App_Devs-PROJECT\\backend\\public\\index.php')
ERROR - 2024-01-20 19:09:42 --> mysqli_sql_exception: Table 'guidance.feedback' doesn't exist in C:\laragon\www\App_Devs-PROJECT\backend\system\Database\MySQLi\Connection.php:306
Stack trace:
#0 C:\laragon\www\App_Devs-PROJECT\backend\system\Database\MySQLi\Connection.php(306): mysqli->query('SELECT *\nFROM `...', 0)
#1 C:\laragon\www\App_Devs-PROJECT\backend\system\Database\BaseConnection.php(693): CodeIgniter\Database\MySQLi\Connection->execute('SELECT *\nFROM `...')
#2 C:\laragon\www\App_Devs-PROJECT\backend\system\Database\BaseConnection.php(607): CodeIgniter\Database\BaseConnection->simpleQuery('SELECT *\nFROM `...')
#3 C:\laragon\www\App_Devs-PROJECT\backend\system\Database\BaseBuilder.php(1615): CodeIgniter\Database\BaseConnection->query('SELECT *\nFROM `...', Array, false)
#4 C:\laragon\www\App_Devs-PROJECT\backend\system\Model.php(237): CodeIgniter\Database\BaseBuilder->get()
#5 C:\laragon\www\App_Devs-PROJECT\backend\system\BaseModel.php(624): CodeIgniter\Model->doFindAll(0, 0)
#6 C:\laragon\www\App_Devs-PROJECT\backend\app\Controllers\AdminController.php(317): CodeIgniter\BaseModel->findAll()
#7 C:\laragon\www\App_Devs-PROJECT\backend\system\CodeIgniter.php(942): App\Controllers\AdminController->getfeed()
#8 C:\laragon\www\App_Devs-PROJECT\backend\system\CodeIgniter.php(502): CodeIgniter\CodeIgniter->runController(Object(App\Controllers\AdminController))
#9 C:\laragon\www\App_Devs-PROJECT\backend\system\CodeIgniter.php(361): CodeIgniter\CodeIgniter->handleRequest(NULL, Object(Config\Cache), false)
#10 C:\laragon\www\App_Devs-PROJECT\backend\public\index.php(85): CodeIgniter\CodeIgniter->run()
#11 C:\laragon\www\App_Devs-PROJECT\backend\system\Commands\Server\rewrite.php(47): require_once('C:\\laragon\\www\\...')
#12 {main}
CRITICAL - 2024-01-20 19:09:42 --> Call to a member function getResult() on bool
in SYSTEMPATH\Model.php on line 238.
 1 SYSTEMPATH\BaseModel.php(624): CodeIgniter\Model->doFindAll(0, 0)
 2 APPPATH\Controllers\AdminController.php(317): CodeIgniter\BaseModel->findAll()
 3 SYSTEMPATH\CodeIgniter.php(942): App\Controllers\AdminController->getfeed()
 4 SYSTEMPATH\CodeIgniter.php(502): CodeIgniter\CodeIgniter->runController(Object(App\Controllers\AdminController))
 5 SYSTEMPATH\CodeIgniter.php(361): CodeIgniter\CodeIgniter->handleRequest(null, Object(Config\Cache), false)
 6 FCPATH\index.php(85): CodeIgniter\CodeIgniter->run()
 7 SYSTEMPATH\Commands\Server\rewrite.php(47): require_once('C:\\laragon\\www\\App_Devs-PROJECT\\backend\\public\\index.php')
ERROR - 2024-01-20 19:09:43 --> mysqli_sql_exception: Table 'guidance.feedback' doesn't exist in C:\laragon\www\App_Devs-PROJECT\backend\system\Database\MySQLi\Connection.php:306
Stack trace:
#0 C:\laragon\www\App_Devs-PROJECT\backend\system\Database\MySQLi\Connection.php(306): mysqli->query('SELECT *\nFROM `...', 0)
#1 C:\laragon\www\App_Devs-PROJECT\backend\system\Database\BaseConnection.php(693): CodeIgniter\Database\MySQLi\Connection->execute('SELECT *\nFROM `...')
#2 C:\laragon\www\App_Devs-PROJECT\backend\system\Database\BaseConnection.php(607): CodeIgniter\Database\BaseConnection->simpleQuery('SELECT *\nFROM `...')
#3 C:\laragon\www\App_Devs-PROJECT\backend\system\Database\BaseBuilder.php(1615): CodeIgniter\Database\BaseConnection->query('SELECT *\nFROM `...', Array, false)
#4 C:\laragon\www\App_Devs-PROJECT\backend\system\Model.php(237): CodeIgniter\Database\BaseBuilder->get()
#5 C:\laragon\www\App_Devs-PROJECT\backend\system\BaseModel.php(624): CodeIgniter\Model->doFindAll(0, 0)
#6 C:\laragon\www\App_Devs-PROJECT\backend\app\Controllers\AdminController.php(317): CodeIgniter\BaseModel->findAll()
#7 C:\laragon\www\App_Devs-PROJECT\backend\system\CodeIgniter.php(942): App\Controllers\AdminController->getfeed()
#8 C:\laragon\www\App_Devs-PROJECT\backend\system\CodeIgniter.php(502): CodeIgniter\CodeIgniter->runController(Object(App\Controllers\AdminController))
#9 C:\laragon\www\App_Devs-PROJECT\backend\system\CodeIgniter.php(361): CodeIgniter\CodeIgniter->handleRequest(NULL, Object(Config\Cache), false)
#10 C:\laragon\www\App_Devs-PROJECT\backend\public\index.php(85): CodeIgniter\CodeIgniter->run()
#11 C:\laragon\www\App_Devs-PROJECT\backend\system\Commands\Server\rewrite.php(47): require_once('C:\\laragon\\www\\...')
#12 {main}
CRITICAL - 2024-01-20 19:09:43 --> Call to a member function getResult() on bool
in SYSTEMPATH\Model.php on line 238.
 1 SYSTEMPATH\BaseModel.php(624): CodeIgniter\Model->doFindAll(0, 0)
 2 APPPATH\Controllers\AdminController.php(317): CodeIgniter\BaseModel->findAll()
 3 SYSTEMPATH\CodeIgniter.php(942): App\Controllers\AdminController->getfeed()
 4 SYSTEMPATH\CodeIgniter.php(502): CodeIgniter\CodeIgniter->runController(Object(App\Controllers\AdminController))
 5 SYSTEMPATH\CodeIgniter.php(361): CodeIgniter\CodeIgniter->handleRequest(null, Object(Config\Cache), false)
 6 FCPATH\index.php(85): CodeIgniter\CodeIgniter->run()
 7 SYSTEMPATH\Commands\Server\rewrite.php(47): require_once('C:\\laragon\\www\\App_Devs-PROJECT\\backend\\public\\index.php')
ERROR - 2024-01-20 19:09:49 --> mysqli_sql_exception: Table 'guidance.feedback' doesn't exist in C:\laragon\www\App_Devs-PROJECT\backend\system\Database\MySQLi\Connection.php:306
Stack trace:
#0 C:\laragon\www\App_Devs-PROJECT\backend\system\Database\MySQLi\Connection.php(306): mysqli->query('SELECT *\nFROM `...', 0)
#1 C:\laragon\www\App_Devs-PROJECT\backend\system\Database\BaseConnection.php(693): CodeIgniter\Database\MySQLi\Connection->execute('SELECT *\nFROM `...')
#2 C:\laragon\www\App_Devs-PROJECT\backend\system\Database\BaseConnection.php(607): CodeIgniter\Database\BaseConnection->simpleQuery('SELECT *\nFROM `...')
#3 C:\laragon\www\App_Devs-PROJECT\backend\system\Database\BaseBuilder.php(1615): CodeIgniter\Database\BaseConnection->query('SELECT *\nFROM `...', Array, false)
#4 C:\laragon\www\App_Devs-PROJECT\backend\system\Model.php(237): CodeIgniter\Database\BaseBuilder->get()
#5 C:\laragon\www\App_Devs-PROJECT\backend\system\BaseModel.php(624): CodeIgniter\Model->doFindAll(0, 0)
#6 C:\laragon\www\App_Devs-PROJECT\backend\app\Controllers\AdminController.php(317): CodeIgniter\BaseModel->findAll()
#7 C:\laragon\www\App_Devs-PROJECT\backend\system\CodeIgniter.php(942): App\Controllers\AdminController->getfeed()
#8 C:\laragon\www\App_Devs-PROJECT\backend\system\CodeIgniter.php(502): CodeIgniter\CodeIgniter->runController(Object(App\Controllers\AdminController))
#9 C:\laragon\www\App_Devs-PROJECT\backend\system\CodeIgniter.php(361): CodeIgniter\CodeIgniter->handleRequest(NULL, Object(Config\Cache), false)
#10 C:\laragon\www\App_Devs-PROJECT\backend\public\index.php(85): CodeIgniter\CodeIgniter->run()
#11 C:\laragon\www\App_Devs-PROJECT\backend\system\Commands\Server\rewrite.php(47): require_once('C:\\laragon\\www\\...')
#12 {main}
CRITICAL - 2024-01-20 19:09:49 --> Call to a member function getResult() on bool
in SYSTEMPATH\Model.php on line 238.
 1 SYSTEMPATH\BaseModel.php(624): CodeIgniter\Model->doFindAll(0, 0)
 2 APPPATH\Controllers\AdminController.php(317): CodeIgniter\BaseModel->findAll()
 3 SYSTEMPATH\CodeIgniter.php(942): App\Controllers\AdminController->getfeed()
 4 SYSTEMPATH\CodeIgniter.php(502): CodeIgniter\CodeIgniter->runController(Object(App\Controllers\AdminController))
 5 SYSTEMPATH\CodeIgniter.php(361): CodeIgniter\CodeIgniter->handleRequest(null, Object(Config\Cache), false)
 6 FCPATH\index.php(85): CodeIgniter\CodeIgniter->run()
 7 SYSTEMPATH\Commands\Server\rewrite.php(47): require_once('C:\\laragon\\www\\App_Devs-PROJECT\\backend\\public\\index.php')
ERROR - 2024-01-20 19:09:56 --> mysqli_sql_exception: Table 'guidance.feedback' doesn't exist in C:\laragon\www\App_Devs-PROJECT\backend\system\Database\MySQLi\Connection.php:306
Stack trace:
#0 C:\laragon\www\App_Devs-PROJECT\backend\system\Database\MySQLi\Connection.php(306): mysqli->query('INSERT INTO `fe...', 0)
#1 C:\laragon\www\App_Devs-PROJECT\backend\system\Database\BaseConnection.php(693): CodeIgniter\Database\MySQLi\Connection->execute('INSERT INTO `fe...')
#2 C:\laragon\www\App_Devs-PROJECT\backend\system\Database\BaseConnection.php(607): CodeIgniter\Database\BaseConnection->simpleQuery('INSERT INTO `fe...')
#3 C:\laragon\www\App_Devs-PROJECT\backend\system\Database\BaseBuilder.php(2308): CodeIgniter\Database\BaseConnection->query('INSERT INTO `fe...', Array, false)
#4 C:\laragon\www\App_Devs-PROJECT\backend\system\Model.php(319): CodeIgniter\Database\BaseBuilder->insert()
#5 C:\laragon\www\App_Devs-PROJECT\backend\system\BaseModel.php(788): CodeIgniter\Model->doInsert(Array)
#6 C:\laragon\www\App_Devs-PROJECT\backend\system\Model.php(715): CodeIgniter\BaseModel->insert(Array, true)
#7 C:\laragon\www\App_Devs-PROJECT\backend\app\Controllers\AdminController.php(306): CodeIgniter\Model->insert(Array)
#8 C:\laragon\www\App_Devs-PROJECT\backend\system\CodeIgniter.php(942): App\Controllers\AdminController->createFeedback()
#9 C:\laragon\www\App_Devs-PROJECT\backend\system\CodeIgniter.php(502): CodeIgniter\CodeIgniter->runController(Object(App\Controllers\AdminController))
#10 C:\laragon\www\App_Devs-PROJECT\backend\system\CodeIgniter.php(361): CodeIgniter\CodeIgniter->handleRequest(NULL, Object(Config\Cache), false)
#11 C:\laragon\www\App_Devs-PROJECT\backend\public\index.php(85): CodeIgniter\CodeIgniter->run()
#12 C:\laragon\www\App_Devs-PROJECT\backend\system\Commands\Server\rewrite.php(47): require_once('C:\\laragon\\www\\...')
#13 {main}
ERROR - 2024-01-20 19:09:56 --> mysqli_sql_exception: Table 'guidance.feedback' doesn't exist in C:\laragon\www\App_Devs-PROJECT\backend\system\Database\MySQLi\Connection.php:306
Stack trace:
#0 C:\laragon\www\App_Devs-PROJECT\backend\system\Database\MySQLi\Connection.php(306): mysqli->query('SELECT *\nFROM `...', 0)
#1 C:\laragon\www\App_Devs-PROJECT\backend\system\Database\BaseConnection.php(693): CodeIgniter\Database\MySQLi\Connection->execute('SELECT *\nFROM `...')
#2 C:\laragon\www\App_Devs-PROJECT\backend\system\Database\BaseConnection.php(607): CodeIgniter\Database\BaseConnection->simpleQuery('SELECT *\nFROM `...')
#3 C:\laragon\www\App_Devs-PROJECT\backend\system\Database\BaseBuilder.php(1615): CodeIgniter\Database\BaseConnection->query('SELECT *\nFROM `...', Array, false)
#4 C:\laragon\www\App_Devs-PROJECT\backend\system\Model.php(237): CodeIgniter\Database\BaseBuilder->get()
#5 C:\laragon\www\App_Devs-PROJECT\backend\system\BaseModel.php(624): CodeIgniter\Model->doFindAll(0, 0)
#6 C:\laragon\www\App_Devs-PROJECT\backend\app\Controllers\AdminController.php(317): CodeIgniter\BaseModel->findAll()
#7 C:\laragon\www\App_Devs-PROJECT\backend\system\CodeIgniter.php(942): App\Controllers\AdminController->getfeed()
#8 C:\laragon\www\App_Devs-PROJECT\backend\system\CodeIgniter.php(502): CodeIgniter\CodeIgniter->runController(Object(App\Controllers\AdminController))
#9 C:\laragon\www\App_Devs-PROJECT\backend\system\CodeIgniter.php(361): CodeIgniter\CodeIgniter->handleRequest(NULL, Object(Config\Cache), false)
#10 C:\laragon\www\App_Devs-PROJECT\backend\public\index.php(85): CodeIgniter\CodeIgniter->run()
#11 C:\laragon\www\App_Devs-PROJECT\backend\system\Commands\Server\rewrite.php(47): require_once('C:\\laragon\\www\\...')
#12 {main}
CRITICAL - 2024-01-20 19:09:56 --> Call to a member function getResult() on bool
in SYSTEMPATH\Model.php on line 238.
 1 SYSTEMPATH\BaseModel.php(624): CodeIgniter\Model->doFindAll(0, 0)
 2 APPPATH\Controllers\AdminController.php(317): CodeIgniter\BaseModel->findAll()
 3 SYSTEMPATH\CodeIgniter.php(942): App\Controllers\AdminController->getfeed()
 4 SYSTEMPATH\CodeIgniter.php(502): CodeIgniter\CodeIgniter->runController(Object(App\Controllers\AdminController))
 5 SYSTEMPATH\CodeIgniter.php(361): CodeIgniter\CodeIgniter->handleRequest(null, Object(Config\Cache), false)
 6 FCPATH\index.php(85): CodeIgniter\CodeIgniter->run()
 7 SYSTEMPATH\Commands\Server\rewrite.php(47): require_once('C:\\laragon\\www\\App_Devs-PROJECT\\backend\\public\\index.php')
ERROR - 2024-01-20 19:09:59 --> mysqli_sql_exception: Table 'guidance.feedback' doesn't exist in C:\laragon\www\App_Devs-PROJECT\backend\system\Database\MySQLi\Connection.php:306
Stack trace:
#0 C:\laragon\www\App_Devs-PROJECT\backend\system\Database\MySQLi\Connection.php(306): mysqli->query('SELECT *\nFROM `...', 0)
#1 C:\laragon\www\App_Devs-PROJECT\backend\system\Database\BaseConnection.php(693): CodeIgniter\Database\MySQLi\Connection->execute('SELECT *\nFROM `...')
#2 C:\laragon\www\App_Devs-PROJECT\backend\system\Database\BaseConnection.php(607): CodeIgniter\Database\BaseConnection->simpleQuery('SELECT *\nFROM `...')
#3 C:\laragon\www\App_Devs-PROJECT\backend\system\Database\BaseBuilder.php(1615): CodeIgniter\Database\BaseConnection->query('SELECT *\nFROM `...', Array, false)
#4 C:\laragon\www\App_Devs-PROJECT\backend\system\Model.php(237): CodeIgniter\Database\BaseBuilder->get()
#5 C:\laragon\www\App_Devs-PROJECT\backend\system\BaseModel.php(624): CodeIgniter\Model->doFindAll(0, 0)
#6 C:\laragon\www\App_Devs-PROJECT\backend\app\Controllers\AdminController.php(317): CodeIgniter\BaseModel->findAll()
#7 C:\laragon\www\App_Devs-PROJECT\backend\system\CodeIgniter.php(942): App\Controllers\AdminController->getfeed()
#8 C:\laragon\www\App_Devs-PROJECT\backend\system\CodeIgniter.php(502): CodeIgniter\CodeIgniter->runController(Object(App\Controllers\AdminController))
#9 C:\laragon\www\App_Devs-PROJECT\backend\system\CodeIgniter.php(361): CodeIgniter\CodeIgniter->handleRequest(NULL, Object(Config\Cache), false)
#10 C:\laragon\www\App_Devs-PROJECT\backend\public\index.php(85): CodeIgniter\CodeIgniter->run()
#11 C:\laragon\www\App_Devs-PROJECT\backend\system\Commands\Server\rewrite.php(47): require_once('C:\\laragon\\www\\...')
#12 {main}
CRITICAL - 2024-01-20 19:09:59 --> Call to a member function getResult() on bool
in SYSTEMPATH\Model.php on line 238.
 1 SYSTEMPATH\BaseModel.php(624): CodeIgniter\Model->doFindAll(0, 0)
 2 APPPATH\Controllers\AdminController.php(317): CodeIgniter\BaseModel->findAll()
 3 SYSTEMPATH\CodeIgniter.php(942): App\Controllers\AdminController->getfeed()
 4 SYSTEMPATH\CodeIgniter.php(502): CodeIgniter\CodeIgniter->runController(Object(App\Controllers\AdminController))
 5 SYSTEMPATH\CodeIgniter.php(361): CodeIgniter\CodeIgniter->handleRequest(null, Object(Config\Cache), false)
 6 FCPATH\index.php(85): CodeIgniter\CodeIgniter->run()
 7 SYSTEMPATH\Commands\Server\rewrite.php(47): require_once('C:\\laragon\\www\\App_Devs-PROJECT\\backend\\public\\index.php')
ERROR - 2024-01-20 19:10:02 --> mysqli_sql_exception: Table 'guidance.feedback' doesn't exist in C:\laragon\www\App_Devs-PROJECT\backend\system\Database\MySQLi\Connection.php:306
Stack trace:
#0 C:\laragon\www\App_Devs-PROJECT\backend\system\Database\MySQLi\Connection.php(306): mysqli->query('SELECT *\nFROM `...', 0)
#1 C:\laragon\www\App_Devs-PROJECT\backend\system\Database\BaseConnection.php(693): CodeIgniter\Database\MySQLi\Connection->execute('SELECT *\nFROM `...')
#2 C:\laragon\www\App_Devs-PROJECT\backend\system\Database\BaseConnection.php(607): CodeIgniter\Database\BaseConnection->simpleQuery('SELECT *\nFROM `...')
#3 C:\laragon\www\App_Devs-PROJECT\backend\system\Database\BaseBuilder.php(1615): CodeIgniter\Database\BaseConnection->query('SELECT *\nFROM `...', Array, false)
#4 C:\laragon\www\App_Devs-PROJECT\backend\system\Model.php(237): CodeIgniter\Database\BaseBuilder->get()
#5 C:\laragon\www\App_Devs-PROJECT\backend\system\BaseModel.php(624): CodeIgniter\Model->doFindAll(0, 0)
#6 C:\laragon\www\App_Devs-PROJECT\backend\app\Controllers\AdminController.php(317): CodeIgniter\BaseModel->findAll()
#7 C:\laragon\www\App_Devs-PROJECT\backend\system\CodeIgniter.php(942): App\Controllers\AdminController->getfeed()
#8 C:\laragon\www\App_Devs-PROJECT\backend\system\CodeIgniter.php(502): CodeIgniter\CodeIgniter->runController(Object(App\Controllers\AdminController))
#9 C:\laragon\www\App_Devs-PROJECT\backend\system\CodeIgniter.php(361): CodeIgniter\CodeIgniter->handleRequest(NULL, Object(Config\Cache), false)
#10 C:\laragon\www\App_Devs-PROJECT\backend\public\index.php(85): CodeIgniter\CodeIgniter->run()
#11 C:\laragon\www\App_Devs-PROJECT\backend\system\Commands\Server\rewrite.php(47): require_once('C:\\laragon\\www\\...')
#12 {main}
CRITICAL - 2024-01-20 19:10:02 --> Call to a member function getResult() on bool
in SYSTEMPATH\Model.php on line 238.
 1 SYSTEMPATH\BaseModel.php(624): CodeIgniter\Model->doFindAll(0, 0)
 2 APPPATH\Controllers\AdminController.php(317): CodeIgniter\BaseModel->findAll()
 3 SYSTEMPATH\CodeIgniter.php(942): App\Controllers\AdminController->getfeed()
 4 SYSTEMPATH\CodeIgniter.php(502): CodeIgniter\CodeIgniter->runController(Object(App\Controllers\AdminController))
 5 SYSTEMPATH\CodeIgniter.php(361): CodeIgniter\CodeIgniter->handleRequest(null, Object(Config\Cache), false)
 6 FCPATH\index.php(85): CodeIgniter\CodeIgniter->run()
 7 SYSTEMPATH\Commands\Server\rewrite.php(47): require_once('C:\\laragon\\www\\App_Devs-PROJECT\\backend\\public\\index.php')
ERROR - 2024-01-20 19:49:24 --> mysqli_sql_exception: Table 'guidance.feedback' doesn't exist in C:\laragon\www\App_Devs-PROJECT\backend\system\Database\MySQLi\Connection.php:306
Stack trace:
#0 C:\laragon\www\App_Devs-PROJECT\backend\system\Database\MySQLi\Connection.php(306): mysqli->query('SELECT *\nFROM `...', 0)
#1 C:\laragon\www\App_Devs-PROJECT\backend\system\Database\BaseConnection.php(693): CodeIgniter\Database\MySQLi\Connection->execute('SELECT *\nFROM `...')
#2 C:\laragon\www\App_Devs-PROJECT\backend\system\Database\BaseConnection.php(607): CodeIgniter\Database\BaseConnection->simpleQuery('SELECT *\nFROM `...')
#3 C:\laragon\www\App_Devs-PROJECT\backend\system\Database\BaseBuilder.php(1615): CodeIgniter\Database\BaseConnection->query('SELECT *\nFROM `...', Array, false)
#4 C:\laragon\www\App_Devs-PROJECT\backend\system\Model.php(237): CodeIgniter\Database\BaseBuilder->get()
#5 C:\laragon\www\App_Devs-PROJECT\backend\system\BaseModel.php(624): CodeIgniter\Model->doFindAll(0, 0)
#6 C:\laragon\www\App_Devs-PROJECT\backend\app\Controllers\AdminController.php(317): CodeIgniter\BaseModel->findAll()
#7 C:\laragon\www\App_Devs-PROJECT\backend\system\CodeIgniter.php(942): App\Controllers\AdminController->getfeed()
#8 C:\laragon\www\App_Devs-PROJECT\backend\system\CodeIgniter.php(502): CodeIgniter\CodeIgniter->runController(Object(App\Controllers\AdminController))
#9 C:\laragon\www\App_Devs-PROJECT\backend\system\CodeIgniter.php(361): CodeIgniter\CodeIgniter->handleRequest(NULL, Object(Config\Cache), false)
#10 C:\laragon\www\App_Devs-PROJECT\backend\public\index.php(89): CodeIgniter\CodeIgniter->run()
#11 C:\laragon\www\App_Devs-PROJECT\backend\system\Commands\Server\rewrite.php(47): require_once('C:\\laragon\\www\\...')
#12 {main}
CRITICAL - 2024-01-20 19:49:24 --> Call to a member function getResult() on bool
in SYSTEMPATH\Model.php on line 238.
 1 SYSTEMPATH\BaseModel.php(624): CodeIgniter\Model->doFindAll(0, 0)
 2 APPPATH\Controllers\AdminController.php(317): CodeIgniter\BaseModel->findAll()
 3 SYSTEMPATH\CodeIgniter.php(942): App\Controllers\AdminController->getfeed()
 4 SYSTEMPATH\CodeIgniter.php(502): CodeIgniter\CodeIgniter->runController(Object(App\Controllers\AdminController))
 5 SYSTEMPATH\CodeIgniter.php(361): CodeIgniter\CodeIgniter->handleRequest(null, Object(Config\Cache), false)
 6 FCPATH\index.php(89): CodeIgniter\CodeIgniter->run()
 7 SYSTEMPATH\Commands\Server\rewrite.php(47): require_once('C:\\laragon\\www\\App_Devs-PROJECT\\backend\\public\\index.php')
ERROR - 2024-01-20 19:49:25 --> mysqli_sql_exception: Table 'guidance.feedback' doesn't exist in C:\laragon\www\App_Devs-PROJECT\backend\system\Database\MySQLi\Connection.php:306
Stack trace:
#0 C:\laragon\www\App_Devs-PROJECT\backend\system\Database\MySQLi\Connection.php(306): mysqli->query('SELECT *\nFROM `...', 0)
#1 C:\laragon\www\App_Devs-PROJECT\backend\system\Database\BaseConnection.php(693): CodeIgniter\Database\MySQLi\Connection->execute('SELECT *\nFROM `...')
#2 C:\laragon\www\App_Devs-PROJECT\backend\system\Database\BaseConnection.php(607): CodeIgniter\Database\BaseConnection->simpleQuery('SELECT *\nFROM `...')
#3 C:\laragon\www\App_Devs-PROJECT\backend\system\Database\BaseBuilder.php(1615): CodeIgniter\Database\BaseConnection->query('SELECT *\nFROM `...', Array, false)
#4 C:\laragon\www\App_Devs-PROJECT\backend\system\Model.php(237): CodeIgniter\Database\BaseBuilder->get()
#5 C:\laragon\www\App_Devs-PROJECT\backend\system\BaseModel.php(624): CodeIgniter\Model->doFindAll(0, 0)
#6 C:\laragon\www\App_Devs-PROJECT\backend\app\Controllers\AdminController.php(317): CodeIgniter\BaseModel->findAll()
#7 C:\laragon\www\App_Devs-PROJECT\backend\system\CodeIgniter.php(942): App\Controllers\AdminController->getfeed()
#8 C:\laragon\www\App_Devs-PROJECT\backend\system\CodeIgniter.php(502): CodeIgniter\CodeIgniter->runController(Object(App\Controllers\AdminController))
#9 C:\laragon\www\App_Devs-PROJECT\backend\system\CodeIgniter.php(361): CodeIgniter\CodeIgniter->handleRequest(NULL, Object(Config\Cache), false)
#10 C:\laragon\www\App_Devs-PROJECT\backend\public\index.php(89): CodeIgniter\CodeIgniter->run()
#11 C:\laragon\www\App_Devs-PROJECT\backend\system\Commands\Server\rewrite.php(47): require_once('C:\\laragon\\www\\...')
#12 {main}
CRITICAL - 2024-01-20 19:49:25 --> Call to a member function getResult() on bool
in SYSTEMPATH\Model.php on line 238.
 1 SYSTEMPATH\BaseModel.php(624): CodeIgniter\Model->doFindAll(0, 0)
 2 APPPATH\Controllers\AdminController.php(317): CodeIgniter\BaseModel->findAll()
 3 SYSTEMPATH\CodeIgniter.php(942): App\Controllers\AdminController->getfeed()
 4 SYSTEMPATH\CodeIgniter.php(502): CodeIgniter\CodeIgniter->runController(Object(App\Controllers\AdminController))
 5 SYSTEMPATH\CodeIgniter.php(361): CodeIgniter\CodeIgniter->handleRequest(null, Object(Config\Cache), false)
 6 FCPATH\index.php(89): CodeIgniter\CodeIgniter->run()
 7 SYSTEMPATH\Commands\Server\rewrite.php(47): require_once('C:\\laragon\\www\\App_Devs-PROJECT\\backend\\public\\index.php')
ERROR - 2024-01-20 20:23:07 --> mysqli_sql_exception: Cannot delete or update a parent row: a foreign key constraint fails (`guidance`.`appointments`, CONSTRAINT `appointments_ibfk_2` FOREIGN KEY (`appointmentid`) REFERENCES `schedules` (`id`)) in C:\laragon\www\App_Devs-PROJECT\backend\system\Database\MySQLi\Connection.php:306
Stack trace:
#0 C:\laragon\www\App_Devs-PROJECT\backend\system\Database\MySQLi\Connection.php(306): mysqli->query('DELETE FROM `sc...', 0)
#1 C:\laragon\www\App_Devs-PROJECT\backend\system\Database\BaseConnection.php(693): CodeIgniter\Database\MySQLi\Connection->execute('DELETE FROM `sc...')
#2 C:\laragon\www\App_Devs-PROJECT\backend\system\Database\BaseConnection.php(607): CodeIgniter\Database\BaseConnection->simpleQuery('DELETE FROM `sc...')
#3 C:\laragon\www\App_Devs-PROJECT\backend\system\Database\BaseBuilder.php(2790): CodeIgniter\Database\BaseConnection->query('DELETE FROM `sc...', Array, false)
#4 C:\laragon\www\App_Devs-PROJECT\backend\system\Model.php(445): CodeIgniter\Database\BaseBuilder->delete()
#5 C:\laragon\www\App_Devs-PROJECT\backend\system\BaseModel.php(1080): CodeIgniter\Model->doDelete(Array, false)
#6 C:\laragon\www\App_Devs-PROJECT\backend\app\Controllers\ReservationController.php(87): CodeIgniter\BaseModel->delete(Array)
#7 C:\laragon\www\App_Devs-PROJECT\backend\system\CodeIgniter.php(942): App\Controllers\ReservationController->deleteSched('18')
#8 C:\laragon\www\App_Devs-PROJECT\backend\system\CodeIgniter.php(502): CodeIgniter\CodeIgniter->runController(Object(App\Controllers\ReservationController))
#9 C:\laragon\www\App_Devs-PROJECT\backend\system\CodeIgniter.php(361): CodeIgniter\CodeIgniter->handleRequest(NULL, Object(Config\Cache), false)
#10 C:\laragon\www\App_Devs-PROJECT\backend\public\index.php(89): CodeIgniter\CodeIgniter->run()
#11 C:\laragon\www\App_Devs-PROJECT\backend\system\Commands\Server\rewrite.php(47): require_once('C:\\laragon\\www\\...')
#12 {main}
ERROR - 2024-01-20 20:23:13 --> mysqli_sql_exception: Cannot delete or update a parent row: a foreign key constraint fails (`guidance`.`appointments`, CONSTRAINT `appointments_ibfk_2` FOREIGN KEY (`appointmentid`) REFERENCES `schedules` (`id`)) in C:\laragon\www\App_Devs-PROJECT\backend\system\Database\MySQLi\Connection.php:306
Stack trace:
#0 C:\laragon\www\App_Devs-PROJECT\backend\system\Database\MySQLi\Connection.php(306): mysqli->query('DELETE FROM `sc...', 0)
#1 C:\laragon\www\App_Devs-PROJECT\backend\system\Database\BaseConnection.php(693): CodeIgniter\Database\MySQLi\Connection->execute('DELETE FROM `sc...')
#2 C:\laragon\www\App_Devs-PROJECT\backend\system\Database\BaseConnection.php(607): CodeIgniter\Database\BaseConnection->simpleQuery('DELETE FROM `sc...')
#3 C:\laragon\www\App_Devs-PROJECT\backend\system\Database\BaseBuilder.php(2790): CodeIgniter\Database\BaseConnection->query('DELETE FROM `sc...', Array, false)
#4 C:\laragon\www\App_Devs-PROJECT\backend\system\Model.php(445): CodeIgniter\Database\BaseBuilder->delete()
#5 C:\laragon\www\App_Devs-PROJECT\backend\system\BaseModel.php(1080): CodeIgniter\Model->doDelete(Array, false)
#6 C:\laragon\www\App_Devs-PROJECT\backend\app\Controllers\ReservationController.php(87): CodeIgniter\BaseModel->delete(Array)
#7 C:\laragon\www\App_Devs-PROJECT\backend\system\CodeIgniter.php(942): App\Controllers\ReservationController->deleteSched('18')
#8 C:\laragon\www\App_Devs-PROJECT\backend\system\CodeIgniter.php(502): CodeIgniter\CodeIgniter->runController(Object(App\Controllers\ReservationController))
#9 C:\laragon\www\App_Devs-PROJECT\backend\system\CodeIgniter.php(361): CodeIgniter\CodeIgniter->handleRequest(NULL, Object(Config\Cache), false)
#10 C:\laragon\www\App_Devs-PROJECT\backend\public\index.php(89): CodeIgniter\CodeIgniter->run()
#11 C:\laragon\www\App_Devs-PROJECT\backend\system\Commands\Server\rewrite.php(47): require_once('C:\\laragon\\www\\...')
#12 {main}
ERROR - 2024-01-20 20:23:32 --> mysqli_sql_exception: Cannot delete or update a parent row: a foreign key constraint fails (`guidance`.`appointments`, CONSTRAINT `appointments_ibfk_2` FOREIGN KEY (`appointmentid`) REFERENCES `schedules` (`id`)) in C:\laragon\www\App_Devs-PROJECT\backend\system\Database\MySQLi\Connection.php:306
Stack trace:
#0 C:\laragon\www\App_Devs-PROJECT\backend\system\Database\MySQLi\Connection.php(306): mysqli->query('DELETE FROM `sc...', 0)
#1 C:\laragon\www\App_Devs-PROJECT\backend\system\Database\BaseConnection.php(693): CodeIgniter\Database\MySQLi\Connection->execute('DELETE FROM `sc...')
#2 C:\laragon\www\App_Devs-PROJECT\backend\system\Database\BaseConnection.php(607): CodeIgniter\Database\BaseConnection->simpleQuery('DELETE FROM `sc...')
#3 C:\laragon\www\App_Devs-PROJECT\backend\system\Database\BaseBuilder.php(2790): CodeIgniter\Database\BaseConnection->query('DELETE FROM `sc...', Array, false)
#4 C:\laragon\www\App_Devs-PROJECT\backend\system\Model.php(445): CodeIgniter\Database\BaseBuilder->delete()
#5 C:\laragon\www\App_Devs-PROJECT\backend\system\BaseModel.php(1080): CodeIgniter\Model->doDelete(Array, false)
#6 C:\laragon\www\App_Devs-PROJECT\backend\app\Controllers\ReservationController.php(87): CodeIgniter\BaseModel->delete(Array)
#7 C:\laragon\www\App_Devs-PROJECT\backend\system\CodeIgniter.php(942): App\Controllers\ReservationController->deleteSched('18')
#8 C:\laragon\www\App_Devs-PROJECT\backend\system\CodeIgniter.php(502): CodeIgniter\CodeIgniter->runController(Object(App\Controllers\ReservationController))
#9 C:\laragon\www\App_Devs-PROJECT\backend\system\CodeIgniter.php(361): CodeIgniter\CodeIgniter->handleRequest(NULL, Object(Config\Cache), false)
#10 C:\laragon\www\App_Devs-PROJECT\backend\public\index.php(89): CodeIgniter\CodeIgniter->run()
#11 C:\laragon\www\App_Devs-PROJECT\backend\system\Commands\Server\rewrite.php(47): require_once('C:\\laragon\\www\\...')
#12 {main}
ERROR - 2024-01-20 20:23:36 --> mysqli_sql_exception: Cannot delete or update a parent row: a foreign key constraint fails (`guidance`.`appointments`, CONSTRAINT `appointments_ibfk_2` FOREIGN KEY (`appointmentid`) REFERENCES `schedules` (`id`)) in C:\laragon\www\App_Devs-PROJECT\backend\system\Database\MySQLi\Connection.php:306
Stack trace:
#0 C:\laragon\www\App_Devs-PROJECT\backend\system\Database\MySQLi\Connection.php(306): mysqli->query('DELETE FROM `sc...', 0)
#1 C:\laragon\www\App_Devs-PROJECT\backend\system\Database\BaseConnection.php(693): CodeIgniter\Database\MySQLi\Connection->execute('DELETE FROM `sc...')
#2 C:\laragon\www\App_Devs-PROJECT\backend\system\Database\BaseConnection.php(607): CodeIgniter\Database\BaseConnection->simpleQuery('DELETE FROM `sc...')
#3 C:\laragon\www\App_Devs-PROJECT\backend\system\Database\BaseBuilder.php(2790): CodeIgniter\Database\BaseConnection->query('DELETE FROM `sc...', Array, false)
#4 C:\laragon\www\App_Devs-PROJECT\backend\system\Model.php(445): CodeIgniter\Database\BaseBuilder->delete()
#5 C:\laragon\www\App_Devs-PROJECT\backend\system\BaseModel.php(1080): CodeIgniter\Model->doDelete(Array, false)
#6 C:\laragon\www\App_Devs-PROJECT\backend\app\Controllers\ReservationController.php(87): CodeIgniter\BaseModel->delete(Array)
#7 C:\laragon\www\App_Devs-PROJECT\backend\system\CodeIgniter.php(942): App\Controllers\ReservationController->deleteSched('18')
#8 C:\laragon\www\App_Devs-PROJECT\backend\system\CodeIgniter.php(502): CodeIgniter\CodeIgniter->runController(Object(App\Controllers\ReservationController))
#9 C:\laragon\www\App_Devs-PROJECT\backend\system\CodeIgniter.php(361): CodeIgniter\CodeIgniter->handleRequest(NULL, Object(Config\Cache), false)
#10 C:\laragon\www\App_Devs-PROJECT\backend\public\index.php(89): CodeIgniter\CodeIgniter->run()
#11 C:\laragon\www\App_Devs-PROJECT\backend\system\Commands\Server\rewrite.php(47): require_once('C:\\laragon\\www\\...')
#12 {main}
ERROR - 2024-01-20 20:48:18 --> mysqli_sql_exception: Cannot delete or update a parent row: a foreign key constraint fails (`guidance`.`appointments`, CONSTRAINT `appointments_ibfk_2` FOREIGN KEY (`appointmentid`) REFERENCES `schedules` (`id`)) in C:\laragon\www\App_Devs-PROJECT\backend\system\Database\MySQLi\Connection.php:306
Stack trace:
#0 C:\laragon\www\App_Devs-PROJECT\backend\system\Database\MySQLi\Connection.php(306): mysqli->query('DELETE FROM `sc...', 0)
#1 C:\laragon\www\App_Devs-PROJECT\backend\system\Database\BaseConnection.php(693): CodeIgniter\Database\MySQLi\Connection->execute('DELETE FROM `sc...')
#2 C:\laragon\www\App_Devs-PROJECT\backend\system\Database\BaseConnection.php(607): CodeIgniter\Database\BaseConnection->simpleQuery('DELETE FROM `sc...')
#3 C:\laragon\www\App_Devs-PROJECT\backend\system\Database\BaseBuilder.php(2790): CodeIgniter\Database\BaseConnection->query('DELETE FROM `sc...', Array, false)
#4 C:\laragon\www\App_Devs-PROJECT\backend\system\Model.php(445): CodeIgniter\Database\BaseBuilder->delete()
#5 C:\laragon\www\App_Devs-PROJECT\backend\system\BaseModel.php(1080): CodeIgniter\Model->doDelete(Array, false)
#6 C:\laragon\www\App_Devs-PROJECT\backend\app\Controllers\ReservationController.php(87): CodeIgniter\BaseModel->delete(Array)
#7 C:\laragon\www\App_Devs-PROJECT\backend\system\CodeIgniter.php(942): App\Controllers\ReservationController->deleteSched('18')
#8 C:\laragon\www\App_Devs-PROJECT\backend\system\CodeIgniter.php(502): CodeIgniter\CodeIgniter->runController(Object(App\Controllers\ReservationController))
#9 C:\laragon\www\App_Devs-PROJECT\backend\system\CodeIgniter.php(361): CodeIgniter\CodeIgniter->handleRequest(NULL, Object(Config\Cache), false)
#10 C:\laragon\www\App_Devs-PROJECT\backend\public\index.php(89): CodeIgniter\CodeIgniter->run()
#11 C:\laragon\www\App_Devs-PROJECT\backend\system\Commands\Server\rewrite.php(47): require_once('C:\\laragon\\www\\...')
#12 {main}
ERROR - 2024-01-20 20:51:50 --> mysqli_sql_exception: Cannot delete or update a parent row: a foreign key constraint fails (`guidance`.`appointments`, CONSTRAINT `appointments_ibfk_2` FOREIGN KEY (`appointmentid`) REFERENCES `schedules` (`id`)) in C:\laragon\www\App_Devs-PROJECT\backend\system\Database\MySQLi\Connection.php:306
Stack trace:
#0 C:\laragon\www\App_Devs-PROJECT\backend\system\Database\MySQLi\Connection.php(306): mysqli->query('DELETE FROM `sc...', 0)
#1 C:\laragon\www\App_Devs-PROJECT\backend\system\Database\BaseConnection.php(693): CodeIgniter\Database\MySQLi\Connection->execute('DELETE FROM `sc...')
#2 C:\laragon\www\App_Devs-PROJECT\backend\system\Database\BaseConnection.php(607): CodeIgniter\Database\BaseConnection->simpleQuery('DELETE FROM `sc...')
#3 C:\laragon\www\App_Devs-PROJECT\backend\system\Database\BaseBuilder.php(2790): CodeIgniter\Database\BaseConnection->query('DELETE FROM `sc...', Array, false)
#4 C:\laragon\www\App_Devs-PROJECT\backend\system\Model.php(445): CodeIgniter\Database\BaseBuilder->delete()
#5 C:\laragon\www\App_Devs-PROJECT\backend\system\BaseModel.php(1080): CodeIgniter\Model->doDelete(Array, false)
#6 C:\laragon\www\App_Devs-PROJECT\backend\app\Controllers\ReservationController.php(87): CodeIgniter\BaseModel->delete(Array)
#7 C:\laragon\www\App_Devs-PROJECT\backend\system\CodeIgniter.php(942): App\Controllers\ReservationController->deleteSched('18')
#8 C:\laragon\www\App_Devs-PROJECT\backend\system\CodeIgniter.php(502): CodeIgniter\CodeIgniter->runController(Object(App\Controllers\ReservationController))
#9 C:\laragon\www\App_Devs-PROJECT\backend\system\CodeIgniter.php(361): CodeIgniter\CodeIgniter->handleRequest(NULL, Object(Config\Cache), false)
#10 C:\laragon\www\App_Devs-PROJECT\backend\public\index.php(89): CodeIgniter\CodeIgniter->run()
#11 C:\laragon\www\App_Devs-PROJECT\backend\system\Commands\Server\rewrite.php(47): require_once('C:\\laragon\\www\\...')
#12 {main}
ERROR - 2024-01-20 21:06:15 --> mysqli_sql_exception: Cannot delete or update a parent row: a foreign key constraint fails (`guidance`.`appointments`, CONSTRAINT `appointments_ibfk_2` FOREIGN KEY (`appointmentid`) REFERENCES `schedules` (`id`)) in C:\laragon\www\App_Devs-PROJECT\backend\system\Database\MySQLi\Connection.php:306
Stack trace:
#0 C:\laragon\www\App_Devs-PROJECT\backend\system\Database\MySQLi\Connection.php(306): mysqli->query('DELETE FROM `sc...', 0)
#1 C:\laragon\www\App_Devs-PROJECT\backend\system\Database\BaseConnection.php(693): CodeIgniter\Database\MySQLi\Connection->execute('DELETE FROM `sc...')
#2 C:\laragon\www\App_Devs-PROJECT\backend\system\Database\BaseConnection.php(607): CodeIgniter\Database\BaseConnection->simpleQuery('DELETE FROM `sc...')
#3 C:\laragon\www\App_Devs-PROJECT\backend\system\Database\BaseBuilder.php(2790): CodeIgniter\Database\BaseConnection->query('DELETE FROM `sc...', Array, false)
#4 C:\laragon\www\App_Devs-PROJECT\backend\system\Model.php(445): CodeIgniter\Database\BaseBuilder->delete()
#5 C:\laragon\www\App_Devs-PROJECT\backend\system\BaseModel.php(1080): CodeIgniter\Model->doDelete(Array, false)
#6 C:\laragon\www\App_Devs-PROJECT\backend\app\Controllers\ReservationController.php(87): CodeIgniter\BaseModel->delete(Array)
#7 C:\laragon\www\App_Devs-PROJECT\backend\system\CodeIgniter.php(942): App\Controllers\ReservationController->deleteSched('18')
#8 C:\laragon\www\App_Devs-PROJECT\backend\system\CodeIgniter.php(502): CodeIgniter\CodeIgniter->runController(Object(App\Controllers\ReservationController))
#9 C:\laragon\www\App_Devs-PROJECT\backend\system\CodeIgniter.php(361): CodeIgniter\CodeIgniter->handleRequest(NULL, Object(Config\Cache), false)
#10 C:\laragon\www\App_Devs-PROJECT\backend\public\index.php(89): CodeIgniter\CodeIgniter->run()
#11 C:\laragon\www\App_Devs-PROJECT\backend\system\Commands\Server\rewrite.php(47): require_once('C:\\laragon\\www\\...')
#12 {main}
ERROR - 2024-01-20 21:11:14 --> mysqli_sql_exception: Cannot delete or update a parent row: a foreign key constraint fails (`guidance`.`appointments`, CONSTRAINT `appointments_ibfk_2` FOREIGN KEY (`appointmentid`) REFERENCES `schedules` (`id`)) in C:\laragon\www\App_Devs-PROJECT\backend\system\Database\MySQLi\Connection.php:306
Stack trace:
#0 C:\laragon\www\App_Devs-PROJECT\backend\system\Database\MySQLi\Connection.php(306): mysqli->query('DELETE FROM `sc...', 0)
#1 C:\laragon\www\App_Devs-PROJECT\backend\system\Database\BaseConnection.php(693): CodeIgniter\Database\MySQLi\Connection->execute('DELETE FROM `sc...')
#2 C:\laragon\www\App_Devs-PROJECT\backend\system\Database\BaseConnection.php(607): CodeIgniter\Database\BaseConnection->simpleQuery('DELETE FROM `sc...')
#3 C:\laragon\www\App_Devs-PROJECT\backend\system\Database\BaseBuilder.php(2790): CodeIgniter\Database\BaseConnection->query('DELETE FROM `sc...', Array, false)
#4 C:\laragon\www\App_Devs-PROJECT\backend\system\Model.php(445): CodeIgniter\Database\BaseBuilder->delete()
#5 C:\laragon\www\App_Devs-PROJECT\backend\system\BaseModel.php(1080): CodeIgniter\Model->doDelete(Array, false)
#6 C:\laragon\www\App_Devs-PROJECT\backend\app\Controllers\ReservationController.php(87): CodeIgniter\BaseModel->delete(Array)
#7 C:\laragon\www\App_Devs-PROJECT\backend\system\CodeIgniter.php(942): App\Controllers\ReservationController->deleteSched('20')
#8 C:\laragon\www\App_Devs-PROJECT\backend\system\CodeIgniter.php(502): CodeIgniter\CodeIgniter->runController(Object(App\Controllers\ReservationController))
#9 C:\laragon\www\App_Devs-PROJECT\backend\system\CodeIgniter.php(361): CodeIgniter\CodeIgniter->handleRequest(NULL, Object(Config\Cache), false)
#10 C:\laragon\www\App_Devs-PROJECT\backend\public\index.php(89): CodeIgniter\CodeIgniter->run()
#11 C:\laragon\www\App_Devs-PROJECT\backend\system\Commands\Server\rewrite.php(47): require_once('C:\\laragon\\www\\...')
#12 {main}
ERROR - 2024-01-20 21:31:25 --> mysqli_sql_exception: Cannot delete or update a parent row: a foreign key constraint fails (`guidance`.`appointments`, CONSTRAINT `appointments_ibfk_2` FOREIGN KEY (`appointmentid`) REFERENCES `schedules` (`id`)) in C:\laragon\www\App_Devs-PROJECT\backend\system\Database\MySQLi\Connection.php:306
Stack trace:
#0 C:\laragon\www\App_Devs-PROJECT\backend\system\Database\MySQLi\Connection.php(306): mysqli->query('DELETE FROM `sc...', 0)
#1 C:\laragon\www\App_Devs-PROJECT\backend\system\Database\BaseConnection.php(693): CodeIgniter\Database\MySQLi\Connection->execute('DELETE FROM `sc...')
#2 C:\laragon\www\App_Devs-PROJECT\backend\system\Database\BaseConnection.php(607): CodeIgniter\Database\BaseConnection->simpleQuery('DELETE FROM `sc...')
#3 C:\laragon\www\App_Devs-PROJECT\backend\system\Database\BaseBuilder.php(2790): CodeIgniter\Database\BaseConnection->query('DELETE FROM `sc...', Array, false)
#4 C:\laragon\www\App_Devs-PROJECT\backend\system\Model.php(445): CodeIgniter\Database\BaseBuilder->delete()
#5 C:\laragon\www\App_Devs-PROJECT\backend\system\BaseModel.php(1080): CodeIgniter\Model->doDelete(Array, false)
#6 C:\laragon\www\App_Devs-PROJECT\backend\app\Controllers\ReservationController.php(87): CodeIgniter\BaseModel->delete(Array)
#7 C:\laragon\www\App_Devs-PROJECT\backend\system\CodeIgniter.php(942): App\Controllers\ReservationController->deleteSched('20')
#8 C:\laragon\www\App_Devs-PROJECT\backend\system\CodeIgniter.php(502): CodeIgniter\CodeIgniter->runController(Object(App\Controllers\ReservationController))
#9 C:\laragon\www\App_Devs-PROJECT\backend\system\CodeIgniter.php(361): CodeIgniter\CodeIgniter->handleRequest(NULL, Object(Config\Cache), false)
#10 C:\laragon\www\App_Devs-PROJECT\backend\public\index.php(89): CodeIgniter\CodeIgniter->run()
#11 C:\laragon\www\App_Devs-PROJECT\backend\system\Commands\Server\rewrite.php(47): require_once('C:\\laragon\\www\\...')
#12 {main}
ERROR - 2024-01-20 21:33:41 --> mysqli_sql_exception: Cannot delete or update a parent row: a foreign key constraint fails (`guidance`.`appointments`, CONSTRAINT `appointments_ibfk_2` FOREIGN KEY (`appointmentid`) REFERENCES `schedules` (`id`)) in C:\laragon\www\App_Devs-PROJECT\backend\system\Database\MySQLi\Connection.php:306
Stack trace:
#0 C:\laragon\www\App_Devs-PROJECT\backend\system\Database\MySQLi\Connection.php(306): mysqli->query('DELETE FROM `sc...', 0)
#1 C:\laragon\www\App_Devs-PROJECT\backend\system\Database\BaseConnection.php(693): CodeIgniter\Database\MySQLi\Connection->execute('DELETE FROM `sc...')
#2 C:\laragon\www\App_Devs-PROJECT\backend\system\Database\BaseConnection.php(607): CodeIgniter\Database\BaseConnection->simpleQuery('DELETE FROM `sc...')
#3 C:\laragon\www\App_Devs-PROJECT\backend\system\Database\BaseBuilder.php(2790): CodeIgniter\Database\BaseConnection->query('DELETE FROM `sc...', Array, false)
#4 C:\laragon\www\App_Devs-PROJECT\backend\system\Model.php(445): CodeIgniter\Database\BaseBuilder->delete()
#5 C:\laragon\www\App_Devs-PROJECT\backend\system\BaseModel.php(1080): CodeIgniter\Model->doDelete(Array, false)
#6 C:\laragon\www\App_Devs-PROJECT\backend\app\Controllers\ReservationController.php(87): CodeIgniter\BaseModel->delete(Array)
#7 C:\laragon\www\App_Devs-PROJECT\backend\system\CodeIgniter.php(942): App\Controllers\ReservationController->deleteSched('20')
#8 C:\laragon\www\App_Devs-PROJECT\backend\system\CodeIgniter.php(502): CodeIgniter\CodeIgniter->runController(Object(App\Controllers\ReservationController))
#9 C:\laragon\www\App_Devs-PROJECT\backend\system\CodeIgniter.php(361): CodeIgniter\CodeIgniter->handleRequest(NULL, Object(Config\Cache), false)
#10 C:\laragon\www\App_Devs-PROJECT\backend\public\index.php(89): CodeIgniter\CodeIgniter->run()
#11 C:\laragon\www\App_Devs-PROJECT\backend\system\Commands\Server\rewrite.php(47): require_once('C:\\laragon\\www\\...')
#12 {main}
ERROR - 2024-01-20 22:42:29 --> mysqli_sql_exception: Cannot delete or update a parent row: a foreign key constraint fails (`guidance`.`appointments`, CONSTRAINT `appointments_ibfk_2` FOREIGN KEY (`appointmentid`) REFERENCES `schedules` (`id`)) in C:\laragon\www\App_Devs-PROJECT\backend\system\Database\MySQLi\Connection.php:306
Stack trace:
#0 C:\laragon\www\App_Devs-PROJECT\backend\system\Database\MySQLi\Connection.php(306): mysqli->query('DELETE FROM `sc...', 0)
#1 C:\laragon\www\App_Devs-PROJECT\backend\system\Database\BaseConnection.php(693): CodeIgniter\Database\MySQLi\Connection->execute('DELETE FROM `sc...')
#2 C:\laragon\www\App_Devs-PROJECT\backend\system\Database\BaseConnection.php(607): CodeIgniter\Database\BaseConnection->simpleQuery('DELETE FROM `sc...')
#3 C:\laragon\www\App_Devs-PROJECT\backend\system\Database\BaseBuilder.php(2790): CodeIgniter\Database\BaseConnection->query('DELETE FROM `sc...', Array, false)
#4 C:\laragon\www\App_Devs-PROJECT\backend\system\Model.php(445): CodeIgniter\Database\BaseBuilder->delete()
#5 C:\laragon\www\App_Devs-PROJECT\backend\system\BaseModel.php(1080): CodeIgniter\Model->doDelete(Array, false)
#6 C:\laragon\www\App_Devs-PROJECT\backend\app\Controllers\ReservationController.php(87): CodeIgniter\BaseModel->delete(Array)
#7 C:\laragon\www\App_Devs-PROJECT\backend\system\CodeIgniter.php(942): App\Controllers\ReservationController->deleteSched('20')
#8 C:\laragon\www\App_Devs-PROJECT\backend\system\CodeIgniter.php(502): CodeIgniter\CodeIgniter->runController(Object(App\Controllers\ReservationController))
#9 C:\laragon\www\App_Devs-PROJECT\backend\system\CodeIgniter.php(361): CodeIgniter\CodeIgniter->handleRequest(NULL, Object(Config\Cache), false)
#10 C:\laragon\www\App_Devs-PROJECT\backend\public\index.php(89): CodeIgniter\CodeIgniter->run()
#11 C:\laragon\www\App_Devs-PROJECT\backend\system\Commands\Server\rewrite.php(47): require_once('C:\\laragon\\www\\...')
#12 {main}
ERROR - 2024-01-20 22:50:02 --> mysqli_sql_exception: Cannot delete or update a parent row: a foreign key constraint fails (`guidance`.`appointments`, CONSTRAINT `appointments_ibfk_2` FOREIGN KEY (`appointmentid`) REFERENCES `schedules` (`id`)) in C:\laragon\www\App_Devs-PROJECT\backend\system\Database\MySQLi\Connection.php:306
Stack trace:
#0 C:\laragon\www\App_Devs-PROJECT\backend\system\Database\MySQLi\Connection.php(306): mysqli->query('DELETE FROM `sc...', 0)
#1 C:\laragon\www\App_Devs-PROJECT\backend\system\Database\BaseConnection.php(693): CodeIgniter\Database\MySQLi\Connection->execute('DELETE FROM `sc...')
#2 C:\laragon\www\App_Devs-PROJECT\backend\system\Database\BaseConnection.php(607): CodeIgniter\Database\BaseConnection->simpleQuery('DELETE FROM `sc...')
#3 C:\laragon\www\App_Devs-PROJECT\backend\system\Database\BaseBuilder.php(2790): CodeIgniter\Database\BaseConnection->query('DELETE FROM `sc...', Array, false)
#4 C:\laragon\www\App_Devs-PROJECT\backend\system\Model.php(445): CodeIgniter\Database\BaseBuilder->delete()
#5 C:\laragon\www\App_Devs-PROJECT\backend\system\BaseModel.php(1080): CodeIgniter\Model->doDelete(Array, false)
#6 C:\laragon\www\App_Devs-PROJECT\backend\app\Controllers\ReservationController.php(87): CodeIgniter\BaseModel->delete(Array)
#7 C:\laragon\www\App_Devs-PROJECT\backend\system\CodeIgniter.php(942): App\Controllers\ReservationController->deleteSched('22')
#8 C:\laragon\www\App_Devs-PROJECT\backend\system\CodeIgniter.php(502): CodeIgniter\CodeIgniter->runController(Object(App\Controllers\ReservationController))
#9 C:\laragon\www\App_Devs-PROJECT\backend\system\CodeIgniter.php(361): CodeIgniter\CodeIgniter->handleRequest(NULL, Object(Config\Cache), false)
#10 C:\laragon\www\App_Devs-PROJECT\backend\public\index.php(89): CodeIgniter\CodeIgniter->run()
#11 C:\laragon\www\App_Devs-PROJECT\backend\system\Commands\Server\rewrite.php(47): require_once('C:\\laragon\\www\\...')
#12 {main}
ERROR - 2024-01-20 22:50:08 --> mysqli_sql_exception: Cannot delete or update a parent row: a foreign key constraint fails (`guidance`.`appointments`, CONSTRAINT `appointments_ibfk_2` FOREIGN KEY (`appointmentid`) REFERENCES `schedules` (`id`)) in C:\laragon\www\App_Devs-PROJECT\backend\system\Database\MySQLi\Connection.php:306
Stack trace:
#0 C:\laragon\www\App_Devs-PROJECT\backend\system\Database\MySQLi\Connection.php(306): mysqli->query('DELETE FROM `sc...', 0)
#1 C:\laragon\www\App_Devs-PROJECT\backend\system\Database\BaseConnection.php(693): CodeIgniter\Database\MySQLi\Connection->execute('DELETE FROM `sc...')
#2 C:\laragon\www\App_Devs-PROJECT\backend\system\Database\BaseConnection.php(607): CodeIgniter\Database\BaseConnection->simpleQuery('DELETE FROM `sc...')
#3 C:\laragon\www\App_Devs-PROJECT\backend\system\Database\BaseBuilder.php(2790): CodeIgniter\Database\BaseConnection->query('DELETE FROM `sc...', Array, false)
#4 C:\laragon\www\App_Devs-PROJECT\backend\system\Model.php(445): CodeIgniter\Database\BaseBuilder->delete()
#5 C:\laragon\www\App_Devs-PROJECT\backend\system\BaseModel.php(1080): CodeIgniter\Model->doDelete(Array, false)
#6 C:\laragon\www\App_Devs-PROJECT\backend\app\Controllers\ReservationController.php(87): CodeIgniter\BaseModel->delete(Array)
#7 C:\laragon\www\App_Devs-PROJECT\backend\system\CodeIgniter.php(942): App\Controllers\ReservationController->deleteSched('22')
#8 C:\laragon\www\App_Devs-PROJECT\backend\system\CodeIgniter.php(502): CodeIgniter\CodeIgniter->runController(Object(App\Controllers\ReservationController))
#9 C:\laragon\www\App_Devs-PROJECT\backend\system\CodeIgniter.php(361): CodeIgniter\CodeIgniter->handleRequest(NULL, Object(Config\Cache), false)
#10 C:\laragon\www\App_Devs-PROJECT\backend\public\index.php(89): CodeIgniter\CodeIgniter->run()
#11 C:\laragon\www\App_Devs-PROJECT\backend\system\Commands\Server\rewrite.php(47): require_once('C:\\laragon\\www\\...')
#12 {main}
ERROR - 2024-01-20 22:53:44 --> mysqli_sql_exception: Cannot delete or update a parent row: a foreign key constraint fails (`guidance`.`appointments`, CONSTRAINT `appointments_ibfk_2` FOREIGN KEY (`appointmentid`) REFERENCES `schedules` (`id`)) in C:\laragon\www\App_Devs-PROJECT\backend\system\Database\MySQLi\Connection.php:306
Stack trace:
#0 C:\laragon\www\App_Devs-PROJECT\backend\system\Database\MySQLi\Connection.php(306): mysqli->query('DELETE FROM `sc...', 0)
#1 C:\laragon\www\App_Devs-PROJECT\backend\system\Database\BaseConnection.php(693): CodeIgniter\Database\MySQLi\Connection->execute('DELETE FROM `sc...')
#2 C:\laragon\www\App_Devs-PROJECT\backend\system\Database\BaseConnection.php(607): CodeIgniter\Database\BaseConnection->simpleQuery('DELETE FROM `sc...')
#3 C:\laragon\www\App_Devs-PROJECT\backend\system\Database\BaseBuilder.php(2790): CodeIgniter\Database\BaseConnection->query('DELETE FROM `sc...', Array, false)
#4 C:\laragon\www\App_Devs-PROJECT\backend\system\Model.php(445): CodeIgniter\Database\BaseBuilder->delete()
#5 C:\laragon\www\App_Devs-PROJECT\backend\system\BaseModel.php(1080): CodeIgniter\Model->doDelete(Array, false)
#6 C:\laragon\www\App_Devs-PROJECT\backend\app\Controllers\ReservationController.php(87): CodeIgniter\BaseModel->delete(Array)
#7 C:\laragon\www\App_Devs-PROJECT\backend\system\CodeIgniter.php(942): App\Controllers\ReservationController->deleteSched('22')
#8 C:\laragon\www\App_Devs-PROJECT\backend\system\CodeIgniter.php(502): CodeIgniter\CodeIgniter->runController(Object(App\Controllers\ReservationController))
#9 C:\laragon\www\App_Devs-PROJECT\backend\system\CodeIgniter.php(361): CodeIgniter\CodeIgniter->handleRequest(NULL, Object(Config\Cache), false)
#10 C:\laragon\www\App_Devs-PROJECT\backend\public\index.php(89): CodeIgniter\CodeIgniter->run()
#11 C:\laragon\www\App_Devs-PROJECT\backend\system\Commands\Server\rewrite.php(47): require_once('C:\\laragon\\www\\...')
#12 {main}
ERROR - 2024-01-20 22:54:27 --> mysqli_sql_exception: Cannot delete or update a parent row: a foreign key constraint fails (`guidance`.`appointments`, CONSTRAINT `appointments_ibfk_2` FOREIGN KEY (`appointmentid`) REFERENCES `schedules` (`id`)) in C:\laragon\www\App_Devs-PROJECT\backend\system\Database\MySQLi\Connection.php:306
Stack trace:
#0 C:\laragon\www\App_Devs-PROJECT\backend\system\Database\MySQLi\Connection.php(306): mysqli->query('DELETE FROM `sc...', 0)
#1 C:\laragon\www\App_Devs-PROJECT\backend\system\Database\BaseConnection.php(693): CodeIgniter\Database\MySQLi\Connection->execute('DELETE FROM `sc...')
#2 C:\laragon\www\App_Devs-PROJECT\backend\system\Database\BaseConnection.php(607): CodeIgniter\Database\BaseConnection->simpleQuery('DELETE FROM `sc...')
#3 C:\laragon\www\App_Devs-PROJECT\backend\system\Database\BaseBuilder.php(2790): CodeIgniter\Database\BaseConnection->query('DELETE FROM `sc...', Array, false)
#4 C:\laragon\www\App_Devs-PROJECT\backend\system\Model.php(445): CodeIgniter\Database\BaseBuilder->delete()
#5 C:\laragon\www\App_Devs-PROJECT\backend\system\BaseModel.php(1080): CodeIgniter\Model->doDelete(Array, false)
#6 C:\laragon\www\App_Devs-PROJECT\backend\app\Controllers\ReservationController.php(87): CodeIgniter\BaseModel->delete(Array)
#7 C:\laragon\www\App_Devs-PROJECT\backend\system\CodeIgniter.php(942): App\Controllers\ReservationController->deleteSched('22')
#8 C:\laragon\www\App_Devs-PROJECT\backend\system\CodeIgniter.php(502): CodeIgniter\CodeIgniter->runController(Object(App\Controllers\ReservationController))
#9 C:\laragon\www\App_Devs-PROJECT\backend\system\CodeIgniter.php(361): CodeIgniter\CodeIgniter->handleRequest(NULL, Object(Config\Cache), false)
#10 C:\laragon\www\App_Devs-PROJECT\backend\public\index.php(89): CodeIgniter\CodeIgniter->run()
#11 C:\laragon\www\App_Devs-PROJECT\backend\system\Commands\Server\rewrite.php(47): require_once('C:\\laragon\\www\\...')
#12 {main}
ERROR - 2024-01-20 23:15:17 --> mysqli_sql_exception: Cannot delete or update a parent row: a foreign key constraint fails (`guidance`.`appointments`, CONSTRAINT `appointments_ibfk_2` FOREIGN KEY (`appointmentid`) REFERENCES `schedules` (`id`)) in C:\laragon\www\App_Devs-PROJECT\backend\system\Database\MySQLi\Connection.php:306
Stack trace:
#0 C:\laragon\www\App_Devs-PROJECT\backend\system\Database\MySQLi\Connection.php(306): mysqli->query('DELETE FROM `sc...', 0)
#1 C:\laragon\www\App_Devs-PROJECT\backend\system\Database\BaseConnection.php(693): CodeIgniter\Database\MySQLi\Connection->execute('DELETE FROM `sc...')
#2 C:\laragon\www\App_Devs-PROJECT\backend\system\Database\BaseConnection.php(607): CodeIgniter\Database\BaseConnection->simpleQuery('DELETE FROM `sc...')
#3 C:\laragon\www\App_Devs-PROJECT\backend\system\Database\BaseBuilder.php(2790): CodeIgniter\Database\BaseConnection->query('DELETE FROM `sc...', Array, false)
#4 C:\laragon\www\App_Devs-PROJECT\backend\system\Model.php(445): CodeIgniter\Database\BaseBuilder->delete()
#5 C:\laragon\www\App_Devs-PROJECT\backend\system\BaseModel.php(1080): CodeIgniter\Model->doDelete(Array, false)
#6 C:\laragon\www\App_Devs-PROJECT\backend\app\Controllers\ReservationController.php(87): CodeIgniter\BaseModel->delete(Array)
#7 C:\laragon\www\App_Devs-PROJECT\backend\system\CodeIgniter.php(942): App\Controllers\ReservationController->deleteSched('22')
#8 C:\laragon\www\App_Devs-PROJECT\backend\system\CodeIgniter.php(502): CodeIgniter\CodeIgniter->runController(Object(App\Controllers\ReservationController))
#9 C:\laragon\www\App_Devs-PROJECT\backend\system\CodeIgniter.php(361): CodeIgniter\CodeIgniter->handleRequest(NULL, Object(Config\Cache), false)
#10 C:\laragon\www\App_Devs-PROJECT\backend\public\index.php(89): CodeIgniter\CodeIgniter->run()
#11 C:\laragon\www\App_Devs-PROJECT\backend\system\Commands\Server\rewrite.php(47): require_once('C:\\laragon\\www\\...')
#12 {main}
ERROR - 2024-01-20 23:18:28 --> mysqli_sql_exception: Cannot delete or update a parent row: a foreign key constraint fails (`guidance`.`appointments`, CONSTRAINT `appointments_ibfk_2` FOREIGN KEY (`appointmentid`) REFERENCES `schedules` (`id`)) in C:\laragon\www\App_Devs-PROJECT\backend\system\Database\MySQLi\Connection.php:306
Stack trace:
#0 C:\laragon\www\App_Devs-PROJECT\backend\system\Database\MySQLi\Connection.php(306): mysqli->query('DELETE FROM `sc...', 0)
#1 C:\laragon\www\App_Devs-PROJECT\backend\system\Database\BaseConnection.php(693): CodeIgniter\Database\MySQLi\Connection->execute('DELETE FROM `sc...')
#2 C:\laragon\www\App_Devs-PROJECT\backend\system\Database\BaseConnection.php(607): CodeIgniter\Database\BaseConnection->simpleQuery('DELETE FROM `sc...')
#3 C:\laragon\www\App_Devs-PROJECT\backend\system\Database\BaseBuilder.php(2790): CodeIgniter\Database\BaseConnection->query('DELETE FROM `sc...', Array, false)
#4 C:\laragon\www\App_Devs-PROJECT\backend\system\Model.php(445): CodeIgniter\Database\BaseBuilder->delete()
#5 C:\laragon\www\App_Devs-PROJECT\backend\system\BaseModel.php(1080): CodeIgniter\Model->doDelete(Array, false)
#6 C:\laragon\www\App_Devs-PROJECT\backend\app\Controllers\ReservationController.php(87): CodeIgniter\BaseModel->delete(Array)
#7 C:\laragon\www\App_Devs-PROJECT\backend\system\CodeIgniter.php(942): App\Controllers\ReservationController->deleteSched('22')
#8 C:\laragon\www\App_Devs-PROJECT\backend\system\CodeIgniter.php(502): CodeIgniter\CodeIgniter->runController(Object(App\Controllers\ReservationController))
#9 C:\laragon\www\App_Devs-PROJECT\backend\system\CodeIgniter.php(361): CodeIgniter\CodeIgniter->handleRequest(NULL, Object(Config\Cache), false)
#10 C:\laragon\www\App_Devs-PROJECT\backend\public\index.php(89): CodeIgniter\CodeIgniter->run()
#11 C:\laragon\www\App_Devs-PROJECT\backend\system\Commands\Server\rewrite.php(47): require_once('C:\\laragon\\www\\...')
#12 {main}
CRITICAL - 2024-01-20 23:41:29 --> Call to a member function isValid() on null
in APPPATH\Controllers\AdminController.php on line 119.
 1 SYSTEMPATH\CodeIgniter.php(942): App\Controllers\AdminController->createannounce()
 2 SYSTEMPATH\CodeIgniter.php(502): CodeIgniter\CodeIgniter->runController(Object(App\Controllers\AdminController))
 3 SYSTEMPATH\CodeIgniter.php(361): CodeIgniter\CodeIgniter->handleRequest(null, Object(Config\Cache), false)
 4 FCPATH\index.php(89): CodeIgniter\CodeIgniter->run()
 5 SYSTEMPATH\Commands\Server\rewrite.php(47): require_once('C:\\laragon\\www\\App_Devs-PROJECT\\backend\\public\\index.php')
ERROR - 2024-01-20 23:41:58 --> mysqli_sql_exception: Cannot delete or update a parent row: a foreign key constraint fails (`guidance`.`appointments`, CONSTRAINT `appointments_ibfk_2` FOREIGN KEY (`appointmentid`) REFERENCES `schedules` (`id`)) in C:\laragon\www\App_Devs-PROJECT\backend\system\Database\MySQLi\Connection.php:306
Stack trace:
#0 C:\laragon\www\App_Devs-PROJECT\backend\system\Database\MySQLi\Connection.php(306): mysqli->query('DELETE FROM `sc...', 0)
#1 C:\laragon\www\App_Devs-PROJECT\backend\system\Database\BaseConnection.php(693): CodeIgniter\Database\MySQLi\Connection->execute('DELETE FROM `sc...')
#2 C:\laragon\www\App_Devs-PROJECT\backend\system\Database\BaseConnection.php(607): CodeIgniter\Database\BaseConnection->simpleQuery('DELETE FROM `sc...')
#3 C:\laragon\www\App_Devs-PROJECT\backend\system\Database\BaseBuilder.php(2790): CodeIgniter\Database\BaseConnection->query('DELETE FROM `sc...', Array, false)
#4 C:\laragon\www\App_Devs-PROJECT\backend\system\Model.php(445): CodeIgniter\Database\BaseBuilder->delete()
#5 C:\laragon\www\App_Devs-PROJECT\backend\system\BaseModel.php(1080): CodeIgniter\Model->doDelete(Array, false)
#6 C:\laragon\www\App_Devs-PROJECT\backend\app\Controllers\ReservationController.php(87): CodeIgniter\BaseModel->delete(Array)
#7 C:\laragon\www\App_Devs-PROJECT\backend\system\CodeIgniter.php(942): App\Controllers\ReservationController->deleteSched('22')
#8 C:\laragon\www\App_Devs-PROJECT\backend\system\CodeIgniter.php(502): CodeIgniter\CodeIgniter->runController(Object(App\Controllers\ReservationController))
#9 C:\laragon\www\App_Devs-PROJECT\backend\system\CodeIgniter.php(361): CodeIgniter\CodeIgniter->handleRequest(NULL, Object(Config\Cache), false)
#10 C:\laragon\www\App_Devs-PROJECT\backend\public\index.php(89): CodeIgniter\CodeIgniter->run()
#11 C:\laragon\www\App_Devs-PROJECT\backend\system\Commands\Server\rewrite.php(47): require_once('C:\\laragon\\www\\...')
#12 {main}
ERROR - 2024-01-20 23:42:11 --> mysqli_sql_exception: Cannot delete or update a parent row: a foreign key constraint fails (`guidance`.`appointments`, CONSTRAINT `appointments_ibfk_2` FOREIGN KEY (`appointmentid`) REFERENCES `schedules` (`id`)) in C:\laragon\www\App_Devs-PROJECT\backend\system\Database\MySQLi\Connection.php:306
Stack trace:
#0 C:\laragon\www\App_Devs-PROJECT\backend\system\Database\MySQLi\Connection.php(306): mysqli->query('DELETE FROM `sc...', 0)
#1 C:\laragon\www\App_Devs-PROJECT\backend\system\Database\BaseConnection.php(693): CodeIgniter\Database\MySQLi\Connection->execute('DELETE FROM `sc...')
#2 C:\laragon\www\App_Devs-PROJECT\backend\system\Database\BaseConnection.php(607): CodeIgniter\Database\BaseConnection->simpleQuery('DELETE FROM `sc...')
#3 C:\laragon\www\App_Devs-PROJECT\backend\system\Database\BaseBuilder.php(2790): CodeIgniter\Database\BaseConnection->query('DELETE FROM `sc...', Array, false)
#4 C:\laragon\www\App_Devs-PROJECT\backend\system\Model.php(445): CodeIgniter\Database\BaseBuilder->delete()
#5 C:\laragon\www\App_Devs-PROJECT\backend\system\BaseModel.php(1080): CodeIgniter\Model->doDelete(Array, false)
#6 C:\laragon\www\App_Devs-PROJECT\backend\app\Controllers\ReservationController.php(87): CodeIgniter\BaseModel->delete(Array)
#7 C:\laragon\www\App_Devs-PROJECT\backend\system\CodeIgniter.php(942): App\Controllers\ReservationController->deleteSched('22')
#8 C:\laragon\www\App_Devs-PROJECT\backend\system\CodeIgniter.php(502): CodeIgniter\CodeIgniter->runController(Object(App\Controllers\ReservationController))
#9 C:\laragon\www\App_Devs-PROJECT\backend\system\CodeIgniter.php(361): CodeIgniter\CodeIgniter->handleRequest(NULL, Object(Config\Cache), false)
#10 C:\laragon\www\App_Devs-PROJECT\backend\public\index.php(89): CodeIgniter\CodeIgniter->run()
#11 C:\laragon\www\App_Devs-PROJECT\backend\system\Commands\Server\rewrite.php(47): require_once('C:\\laragon\\www\\...')
#12 {main}
