ERROR - 2024-01-17 20:36:44 --> Error connecting to the database: mysqli_sql_exception: Access denied for user 'u602620830_june'@'localhost' (using password: YES) in C:\laragon\www\App_Devs-PROJECT\backend\system\Database\MySQLi\Connection.php:185
Stack trace:
#0 C:\laragon\www\App_Devs-PROJECT\backend\system\Database\MySQLi\Connection.php(185): mysqli->real_connect('localhost', 'u602620830_june', 'Laruan123_123', 'u602620830_guid...', 3306, '', 0)
#1 C:\laragon\www\App_Devs-PROJECT\backend\system\Database\BaseConnection.php(392): CodeIgniter\Database\MySQLi\Connection->connect(false)
#2 C:\laragon\www\App_Devs-PROJECT\backend\system\Database\BaseConnection.php(575): CodeIgniter\Database\BaseConnection->initialize()
#3 C:\laragon\www\App_Devs-PROJECT\backend\system\Database\BaseBuilder.php(1615): CodeIgniter\Database\BaseConnection->query('SELECT *\nFROM `...', Array, false)
#4 C:\laragon\www\App_Devs-PROJECT\backend\system\Model.php(264): CodeIgniter\Database\BaseBuilder->get()
#5 C:\laragon\www\App_Devs-PROJECT\backend\system\BaseModel.php(662): CodeIgniter\Model->doFirst()
#6 C:\laragon\www\App_Devs-PROJECT\backend\app\Controllers\MainController.php(24): CodeIgniter\BaseModel->first()
#7 C:\laragon\www\App_Devs-PROJECT\backend\app\Controllers\MainController.php(35): App\Controllers\MainController->authenticateUser()
#8 C:\laragon\www\App_Devs-PROJECT\backend\system\CodeIgniter.php(942): App\Controllers\MainController->getData()
#9 C:\laragon\www\App_Devs-PROJECT\backend\system\CodeIgniter.php(502): CodeIgniter\CodeIgniter->runController(Object(App\Controllers\MainController))
#10 C:\laragon\www\App_Devs-PROJECT\backend\system\CodeIgniter.php(361): CodeIgniter\CodeIgniter->handleRequest(NULL, Object(Config\Cache), false)
#11 C:\laragon\www\App_Devs-PROJECT\backend\public\index.php(85): CodeIgniter\CodeIgniter->run()
#12 C:\laragon\www\App_Devs-PROJECT\backend\system\Commands\Server\rewrite.php(47): require_once('C:\\laragon\\www\\...')
#13 {main}

Next CodeIgniter\Database\Exceptions\DatabaseException: Access denied for user '****'@'localhost' (using password: YES) in C:\laragon\www\App_Devs-PROJECT\backend\system\Database\MySQLi\Connection.php:229
Stack trace:
#0 C:\laragon\www\App_Devs-PROJECT\backend\system\Database\BaseConnection.php(392): CodeIgniter\Database\MySQLi\Connection->connect(false)
#1 C:\laragon\www\App_Devs-PROJECT\backend\system\Database\BaseConnection.php(575): CodeIgniter\Database\BaseConnection->initialize()
#2 C:\laragon\www\App_Devs-PROJECT\backend\system\Database\BaseBuilder.php(1615): CodeIgniter\Database\BaseConnection->query('SELECT *\nFROM `...', Array, false)
#3 C:\laragon\www\App_Devs-PROJECT\backend\system\Model.php(264): CodeIgniter\Database\BaseBuilder->get()
#4 C:\laragon\www\App_Devs-PROJECT\backend\system\BaseModel.php(662): CodeIgniter\Model->doFirst()
#5 C:\laragon\www\App_Devs-PROJECT\backend\app\Controllers\MainController.php(24): CodeIgniter\BaseModel->first()
#6 C:\laragon\www\App_Devs-PROJECT\backend\app\Controllers\MainController.php(35): App\Controllers\MainController->authenticateUser()
#7 C:\laragon\www\App_Devs-PROJECT\backend\system\CodeIgniter.php(942): App\Controllers\MainController->getData()
#8 C:\laragon\www\App_Devs-PROJECT\backend\system\CodeIgniter.php(502): CodeIgniter\CodeIgniter->runController(Object(App\Controllers\MainController))
#9 C:\laragon\www\App_Devs-PROJECT\backend\system\CodeIgniter.php(361): CodeIgniter\CodeIgniter->handleRequest(NULL, Object(Config\Cache), false)
#10 C:\laragon\www\App_Devs-PROJECT\backend\public\index.php(85): CodeIgniter\CodeIgniter->run()
#11 C:\laragon\www\App_Devs-PROJECT\backend\system\Commands\Server\rewrite.php(47): require_once('C:\\laragon\\www\\...')
#12 {main}
CRITICAL - 2024-01-17 20:36:44 --> Unable to connect to the database.
Main connection [MySQLi]: Access denied for user '****'@'localhost' (using password: YES)
in SYSTEMPATH\Database\BaseConnection.php on line 428.
 1 SYSTEMPATH\Database\BaseConnection.php(575): CodeIgniter\Database\BaseConnection->initialize()
 2 SYSTEMPATH\Database\BaseBuilder.php(1615): CodeIgniter\Database\BaseConnection->query('SELECT *
FROM `users`
WHERE `token` IS NULL
 LIMIT 1', [], false)
 3 SYSTEMPATH\Model.php(264): CodeIgniter\Database\BaseBuilder->get()
 4 SYSTEMPATH\BaseModel.php(662): CodeIgniter\Model->doFirst()
 5 APPPATH\Controllers\MainController.php(24): CodeIgniter\BaseModel->first()
 6 APPPATH\Controllers\MainController.php(35): App\Controllers\MainController->authenticateUser()
 7 SYSTEMPATH\CodeIgniter.php(942): App\Controllers\MainController->getData()
 8 SYSTEMPATH\CodeIgniter.php(502): CodeIgniter\CodeIgniter->runController(Object(App\Controllers\MainController))
 9 SYSTEMPATH\CodeIgniter.php(361): CodeIgniter\CodeIgniter->handleRequest(null, Object(Config\Cache), false)
10 FCPATH\index.php(85): CodeIgniter\CodeIgniter->run()
11 SYSTEMPATH\Commands\Server\rewrite.php(47): require_once('C:\\laragon\\www\\App_Devs-PROJECT\\backend\\public\\index.php')
ERROR - 2024-01-17 20:38:23 --> Error connecting to the database: mysqli_sql_exception: Access denied for user 'u602620830_june'@'localhost' (using password: YES) in C:\laragon\www\App_Devs-PROJECT\backend\system\Database\MySQLi\Connection.php:185
Stack trace:
#0 C:\laragon\www\App_Devs-PROJECT\backend\system\Database\MySQLi\Connection.php(185): mysqli->real_connect('localhost', 'u602620830_june', 'Laruan123_123', 'u602620830_guid...', 3306, '', 0)
#1 C:\laragon\www\App_Devs-PROJECT\backend\system\Database\BaseConnection.php(392): CodeIgniter\Database\MySQLi\Connection->connect(false)
#2 C:\laragon\www\App_Devs-PROJECT\backend\system\Database\BaseConnection.php(575): CodeIgniter\Database\BaseConnection->initialize()
#3 C:\laragon\www\App_Devs-PROJECT\backend\system\Database\BaseBuilder.php(1615): CodeIgniter\Database\BaseConnection->query('SELECT *\nFROM `...', Array, false)
#4 C:\laragon\www\App_Devs-PROJECT\backend\system\Model.php(264): CodeIgniter\Database\BaseBuilder->get()
#5 C:\laragon\www\App_Devs-PROJECT\backend\system\BaseModel.php(662): CodeIgniter\Model->doFirst()
#6 C:\laragon\www\App_Devs-PROJECT\backend\app\Controllers\MainController.php(24): CodeIgniter\BaseModel->first()
#7 C:\laragon\www\App_Devs-PROJECT\backend\app\Controllers\MainController.php(35): App\Controllers\MainController->authenticateUser()
#8 C:\laragon\www\App_Devs-PROJECT\backend\system\CodeIgniter.php(942): App\Controllers\MainController->getData()
#9 C:\laragon\www\App_Devs-PROJECT\backend\system\CodeIgniter.php(502): CodeIgniter\CodeIgniter->runController(Object(App\Controllers\MainController))
#10 C:\laragon\www\App_Devs-PROJECT\backend\system\CodeIgniter.php(361): CodeIgniter\CodeIgniter->handleRequest(NULL, Object(Config\Cache), false)
#11 C:\laragon\www\App_Devs-PROJECT\backend\public\index.php(85): CodeIgniter\CodeIgniter->run()
#12 C:\laragon\www\App_Devs-PROJECT\backend\system\Commands\Server\rewrite.php(47): require_once('C:\\laragon\\www\\...')
#13 {main}

Next CodeIgniter\Database\Exceptions\DatabaseException: Access denied for user '****'@'localhost' (using password: YES) in C:\laragon\www\App_Devs-PROJECT\backend\system\Database\MySQLi\Connection.php:229
Stack trace:
#0 C:\laragon\www\App_Devs-PROJECT\backend\system\Database\BaseConnection.php(392): CodeIgniter\Database\MySQLi\Connection->connect(false)
#1 C:\laragon\www\App_Devs-PROJECT\backend\system\Database\BaseConnection.php(575): CodeIgniter\Database\BaseConnection->initialize()
#2 C:\laragon\www\App_Devs-PROJECT\backend\system\Database\BaseBuilder.php(1615): CodeIgniter\Database\BaseConnection->query('SELECT *\nFROM `...', Array, false)
#3 C:\laragon\www\App_Devs-PROJECT\backend\system\Model.php(264): CodeIgniter\Database\BaseBuilder->get()
#4 C:\laragon\www\App_Devs-PROJECT\backend\system\BaseModel.php(662): CodeIgniter\Model->doFirst()
#5 C:\laragon\www\App_Devs-PROJECT\backend\app\Controllers\MainController.php(24): CodeIgniter\BaseModel->first()
#6 C:\laragon\www\App_Devs-PROJECT\backend\app\Controllers\MainController.php(35): App\Controllers\MainController->authenticateUser()
#7 C:\laragon\www\App_Devs-PROJECT\backend\system\CodeIgniter.php(942): App\Controllers\MainController->getData()
#8 C:\laragon\www\App_Devs-PROJECT\backend\system\CodeIgniter.php(502): CodeIgniter\CodeIgniter->runController(Object(App\Controllers\MainController))
#9 C:\laragon\www\App_Devs-PROJECT\backend\system\CodeIgniter.php(361): CodeIgniter\CodeIgniter->handleRequest(NULL, Object(Config\Cache), false)
#10 C:\laragon\www\App_Devs-PROJECT\backend\public\index.php(85): CodeIgniter\CodeIgniter->run()
#11 C:\laragon\www\App_Devs-PROJECT\backend\system\Commands\Server\rewrite.php(47): require_once('C:\\laragon\\www\\...')
#12 {main}
CRITICAL - 2024-01-17 20:38:23 --> Unable to connect to the database.
Main connection [MySQLi]: Access denied for user '****'@'localhost' (using password: YES)
in SYSTEMPATH\Database\BaseConnection.php on line 428.
 1 SYSTEMPATH\Database\BaseConnection.php(575): CodeIgniter\Database\BaseConnection->initialize()
 2 SYSTEMPATH\Database\BaseBuilder.php(1615): CodeIgniter\Database\BaseConnection->query('SELECT *
FROM `users`
WHERE `token` IS NULL
 LIMIT 1', [], false)
 3 SYSTEMPATH\Model.php(264): CodeIgniter\Database\BaseBuilder->get()
 4 SYSTEMPATH\BaseModel.php(662): CodeIgniter\Model->doFirst()
 5 APPPATH\Controllers\MainController.php(24): CodeIgniter\BaseModel->first()
 6 APPPATH\Controllers\MainController.php(35): App\Controllers\MainController->authenticateUser()
 7 SYSTEMPATH\CodeIgniter.php(942): App\Controllers\MainController->getData()
 8 SYSTEMPATH\CodeIgniter.php(502): CodeIgniter\CodeIgniter->runController(Object(App\Controllers\MainController))
 9 SYSTEMPATH\CodeIgniter.php(361): CodeIgniter\CodeIgniter->handleRequest(null, Object(Config\Cache), false)
10 FCPATH\index.php(85): CodeIgniter\CodeIgniter->run()
11 SYSTEMPATH\Commands\Server\rewrite.php(47): require_once('C:\\laragon\\www\\App_Devs-PROJECT\\backend\\public\\index.php')
ERROR - 2024-01-17 20:39:46 --> Error connecting to the database: mysqli_sql_exception: Access denied for user 'u602620830_june'@'localhost' (using password: YES) in C:\laragon\www\App_Devs-PROJECT\backend\system\Database\MySQLi\Connection.php:185
Stack trace:
#0 C:\laragon\www\App_Devs-PROJECT\backend\system\Database\MySQLi\Connection.php(185): mysqli->real_connect('localhost', 'u602620830_june', 'Laruan123_123', 'u602620830_guid...', 3306, '', 0)
#1 C:\laragon\www\App_Devs-PROJECT\backend\system\Database\BaseConnection.php(392): CodeIgniter\Database\MySQLi\Connection->connect(false)
#2 C:\laragon\www\App_Devs-PROJECT\backend\system\Database\BaseConnection.php(575): CodeIgniter\Database\BaseConnection->initialize()
#3 C:\laragon\www\App_Devs-PROJECT\backend\system\Database\BaseBuilder.php(1615): CodeIgniter\Database\BaseConnection->query('SELECT *\nFROM `...', Array, false)
#4 C:\laragon\www\App_Devs-PROJECT\backend\system\Model.php(264): CodeIgniter\Database\BaseBuilder->get()
#5 C:\laragon\www\App_Devs-PROJECT\backend\system\BaseModel.php(662): CodeIgniter\Model->doFirst()
#6 C:\laragon\www\App_Devs-PROJECT\backend\app\Controllers\MainController.php(24): CodeIgniter\BaseModel->first()
#7 C:\laragon\www\App_Devs-PROJECT\backend\app\Controllers\MainController.php(35): App\Controllers\MainController->authenticateUser()
#8 C:\laragon\www\App_Devs-PROJECT\backend\system\CodeIgniter.php(942): App\Controllers\MainController->getData()
#9 C:\laragon\www\App_Devs-PROJECT\backend\system\CodeIgniter.php(502): CodeIgniter\CodeIgniter->runController(Object(App\Controllers\MainController))
#10 C:\laragon\www\App_Devs-PROJECT\backend\system\CodeIgniter.php(361): CodeIgniter\CodeIgniter->handleRequest(NULL, Object(Config\Cache), false)
#11 C:\laragon\www\App_Devs-PROJECT\backend\public\index.php(85): CodeIgniter\CodeIgniter->run()
#12 C:\laragon\www\App_Devs-PROJECT\backend\system\Commands\Server\rewrite.php(47): require_once('C:\\laragon\\www\\...')
#13 {main}

Next CodeIgniter\Database\Exceptions\DatabaseException: Access denied for user '****'@'localhost' (using password: YES) in C:\laragon\www\App_Devs-PROJECT\backend\system\Database\MySQLi\Connection.php:229
Stack trace:
#0 C:\laragon\www\App_Devs-PROJECT\backend\system\Database\BaseConnection.php(392): CodeIgniter\Database\MySQLi\Connection->connect(false)
#1 C:\laragon\www\App_Devs-PROJECT\backend\system\Database\BaseConnection.php(575): CodeIgniter\Database\BaseConnection->initialize()
#2 C:\laragon\www\App_Devs-PROJECT\backend\system\Database\BaseBuilder.php(1615): CodeIgniter\Database\BaseConnection->query('SELECT *\nFROM `...', Array, false)
#3 C:\laragon\www\App_Devs-PROJECT\backend\system\Model.php(264): CodeIgniter\Database\BaseBuilder->get()
#4 C:\laragon\www\App_Devs-PROJECT\backend\system\BaseModel.php(662): CodeIgniter\Model->doFirst()
#5 C:\laragon\www\App_Devs-PROJECT\backend\app\Controllers\MainController.php(24): CodeIgniter\BaseModel->first()
#6 C:\laragon\www\App_Devs-PROJECT\backend\app\Controllers\MainController.php(35): App\Controllers\MainController->authenticateUser()
#7 C:\laragon\www\App_Devs-PROJECT\backend\system\CodeIgniter.php(942): App\Controllers\MainController->getData()
#8 C:\laragon\www\App_Devs-PROJECT\backend\system\CodeIgniter.php(502): CodeIgniter\CodeIgniter->runController(Object(App\Controllers\MainController))
#9 C:\laragon\www\App_Devs-PROJECT\backend\system\CodeIgniter.php(361): CodeIgniter\CodeIgniter->handleRequest(NULL, Object(Config\Cache), false)
#10 C:\laragon\www\App_Devs-PROJECT\backend\public\index.php(85): CodeIgniter\CodeIgniter->run()
#11 C:\laragon\www\App_Devs-PROJECT\backend\system\Commands\Server\rewrite.php(47): require_once('C:\\laragon\\www\\...')
#12 {main}
CRITICAL - 2024-01-17 20:39:46 --> Unable to connect to the database.
Main connection [MySQLi]: Access denied for user '****'@'localhost' (using password: YES)
in SYSTEMPATH\Database\BaseConnection.php on line 428.
 1 SYSTEMPATH\Database\BaseConnection.php(575): CodeIgniter\Database\BaseConnection->initialize()
 2 SYSTEMPATH\Database\BaseBuilder.php(1615): CodeIgniter\Database\BaseConnection->query('SELECT *
FROM `users`
WHERE `token` IS NULL
 LIMIT 1', [], false)
 3 SYSTEMPATH\Model.php(264): CodeIgniter\Database\BaseBuilder->get()
 4 SYSTEMPATH\BaseModel.php(662): CodeIgniter\Model->doFirst()
 5 APPPATH\Controllers\MainController.php(24): CodeIgniter\BaseModel->first()
 6 APPPATH\Controllers\MainController.php(35): App\Controllers\MainController->authenticateUser()
 7 SYSTEMPATH\CodeIgniter.php(942): App\Controllers\MainController->getData()
 8 SYSTEMPATH\CodeIgniter.php(502): CodeIgniter\CodeIgniter->runController(Object(App\Controllers\MainController))
 9 SYSTEMPATH\CodeIgniter.php(361): CodeIgniter\CodeIgniter->handleRequest(null, Object(Config\Cache), false)
10 FCPATH\index.php(85): CodeIgniter\CodeIgniter->run()
11 SYSTEMPATH\Commands\Server\rewrite.php(47): require_once('C:\\laragon\\www\\App_Devs-PROJECT\\backend\\public\\index.php')
ERROR - 2024-01-17 20:40:48 --> Error connecting to the database: mysqli_sql_exception: Access denied for user 'u602620830_june'@'localhost' (using password: YES) in C:\laragon\www\App_Devs-PROJECT\backend\system\Database\MySQLi\Connection.php:185
Stack trace:
#0 C:\laragon\www\App_Devs-PROJECT\backend\system\Database\MySQLi\Connection.php(185): mysqli->real_connect('localhost', 'u602620830_june', 'Laruan123_123', 'u602620830_guid...', 3306, '', 0)
#1 C:\laragon\www\App_Devs-PROJECT\backend\system\Database\BaseConnection.php(392): CodeIgniter\Database\MySQLi\Connection->connect(false)
#2 C:\laragon\www\App_Devs-PROJECT\backend\system\Database\BaseConnection.php(575): CodeIgniter\Database\BaseConnection->initialize()
#3 C:\laragon\www\App_Devs-PROJECT\backend\system\Database\BaseBuilder.php(1615): CodeIgniter\Database\BaseConnection->query('SELECT *\nFROM `...', Array, false)
#4 C:\laragon\www\App_Devs-PROJECT\backend\system\Model.php(264): CodeIgniter\Database\BaseBuilder->get()
#5 C:\laragon\www\App_Devs-PROJECT\backend\system\BaseModel.php(662): CodeIgniter\Model->doFirst()
#6 C:\laragon\www\App_Devs-PROJECT\backend\app\Controllers\MainController.php(105): CodeIgniter\BaseModel->first()
#7 C:\laragon\www\App_Devs-PROJECT\backend\system\CodeIgniter.php(942): App\Controllers\MainController->login()
#8 C:\laragon\www\App_Devs-PROJECT\backend\system\CodeIgniter.php(502): CodeIgniter\CodeIgniter->runController(Object(App\Controllers\MainController))
#9 C:\laragon\www\App_Devs-PROJECT\backend\system\CodeIgniter.php(361): CodeIgniter\CodeIgniter->handleRequest(NULL, Object(Config\Cache), false)
#10 C:\laragon\www\App_Devs-PROJECT\backend\public\index.php(85): CodeIgniter\CodeIgniter->run()
#11 C:\laragon\www\App_Devs-PROJECT\backend\system\Commands\Server\rewrite.php(47): require_once('C:\\laragon\\www\\...')
#12 {main}

Next CodeIgniter\Database\Exceptions\DatabaseException: Access denied for user '****'@'localhost' (using password: YES) in C:\laragon\www\App_Devs-PROJECT\backend\system\Database\MySQLi\Connection.php:229
Stack trace:
#0 C:\laragon\www\App_Devs-PROJECT\backend\system\Database\BaseConnection.php(392): CodeIgniter\Database\MySQLi\Connection->connect(false)
#1 C:\laragon\www\App_Devs-PROJECT\backend\system\Database\BaseConnection.php(575): CodeIgniter\Database\BaseConnection->initialize()
#2 C:\laragon\www\App_Devs-PROJECT\backend\system\Database\BaseBuilder.php(1615): CodeIgniter\Database\BaseConnection->query('SELECT *\nFROM `...', Array, false)
#3 C:\laragon\www\App_Devs-PROJECT\backend\system\Model.php(264): CodeIgniter\Database\BaseBuilder->get()
#4 C:\laragon\www\App_Devs-PROJECT\backend\system\BaseModel.php(662): CodeIgniter\Model->doFirst()
#5 C:\laragon\www\App_Devs-PROJECT\backend\app\Controllers\MainController.php(105): CodeIgniter\BaseModel->first()
#6 C:\laragon\www\App_Devs-PROJECT\backend\system\CodeIgniter.php(942): App\Controllers\MainController->login()
#7 C:\laragon\www\App_Devs-PROJECT\backend\system\CodeIgniter.php(502): CodeIgniter\CodeIgniter->runController(Object(App\Controllers\MainController))
#8 C:\laragon\www\App_Devs-PROJECT\backend\system\CodeIgniter.php(361): CodeIgniter\CodeIgniter->handleRequest(NULL, Object(Config\Cache), false)
#9 C:\laragon\www\App_Devs-PROJECT\backend\public\index.php(85): CodeIgniter\CodeIgniter->run()
#10 C:\laragon\www\App_Devs-PROJECT\backend\system\Commands\Server\rewrite.php(47): require_once('C:\\laragon\\www\\...')
#11 {main}
CRITICAL - 2024-01-17 20:40:48 --> Unable to connect to the database.
Main connection [MySQLi]: Access denied for user '****'@'localhost' (using password: YES)
in SYSTEMPATH\Database\BaseConnection.php on line 428.
 1 SYSTEMPATH\Database\BaseConnection.php(575): CodeIgniter\Database\BaseConnection->initialize()
 2 SYSTEMPATH\Database\BaseBuilder.php(1615): CodeIgniter\Database\BaseConnection->query('SELECT *
FROM `users`
WHERE `username` = :username:
 LIMIT 1', [...], false)
 3 SYSTEMPATH\Model.php(264): CodeIgniter\Database\BaseBuilder->get()
 4 SYSTEMPATH\BaseModel.php(662): CodeIgniter\Model->doFirst()
 5 APPPATH\Controllers\MainController.php(105): CodeIgniter\BaseModel->first()
 6 SYSTEMPATH\CodeIgniter.php(942): App\Controllers\MainController->login()
 7 SYSTEMPATH\CodeIgniter.php(502): CodeIgniter\CodeIgniter->runController(Object(App\Controllers\MainController))
 8 SYSTEMPATH\CodeIgniter.php(361): CodeIgniter\CodeIgniter->handleRequest(null, Object(Config\Cache), false)
 9 FCPATH\index.php(85): CodeIgniter\CodeIgniter->run()
10 SYSTEMPATH\Commands\Server\rewrite.php(47): require_once('C:\\laragon\\www\\App_Devs-PROJECT\\backend\\public\\index.php')
CRITICAL - 2024-01-17 21:41:28 --> Call to a member function isValid() on null
in APPPATH\Controllers\AdminController.php on line 119.
 1 SYSTEMPATH\CodeIgniter.php(942): App\Controllers\AdminController->createannounce()
 2 SYSTEMPATH\CodeIgniter.php(502): CodeIgniter\CodeIgniter->runController(Object(App\Controllers\AdminController))
 3 SYSTEMPATH\CodeIgniter.php(361): CodeIgniter\CodeIgniter->handleRequest(null, Object(Config\Cache), false)
 4 FCPATH\index.php(85): CodeIgniter\CodeIgniter->run()
 5 SYSTEMPATH\Commands\Server\rewrite.php(47): require_once('C:\\laragon\\www\\App_Devs-PROJECT\\backend\\public\\index.php')
CRITICAL - 2024-01-17 21:48:31 --> Call to a member function isValid() on null
in APPPATH\Controllers\AdminController.php on line 119.
 1 SYSTEMPATH\CodeIgniter.php(942): App\Controllers\AdminController->createannounce()
 2 SYSTEMPATH\CodeIgniter.php(502): CodeIgniter\CodeIgniter->runController(Object(App\Controllers\AdminController))
 3 SYSTEMPATH\CodeIgniter.php(361): CodeIgniter\CodeIgniter->handleRequest(null, Object(Config\Cache), false)
 4 FCPATH\index.php(85): CodeIgniter\CodeIgniter->run()
 5 SYSTEMPATH\Commands\Server\rewrite.php(47): require_once('C:\\laragon\\www\\App_Devs-PROJECT\\backend\\public\\index.php')
CRITICAL - 2024-01-17 22:56:33 --> Call to a member function isValid() on null
in APPPATH\Controllers\AdminController.php on line 119.
 1 SYSTEMPATH\CodeIgniter.php(942): App\Controllers\AdminController->createannounce()
 2 SYSTEMPATH\CodeIgniter.php(502): CodeIgniter\CodeIgniter->runController(Object(App\Controllers\AdminController))
 3 SYSTEMPATH\CodeIgniter.php(361): CodeIgniter\CodeIgniter->handleRequest(null, Object(Config\Cache), false)
 4 FCPATH\index.php(85): CodeIgniter\CodeIgniter->run()
 5 SYSTEMPATH\Commands\Server\rewrite.php(47): require_once('C:\\laragon\\www\\App_Devs-PROJECT\\backend\\public\\index.php')
